Configuring adjunctions-4.3...
Building adjunctions-4.3...
Preprocessing library adjunctions-4.3...
[ 1 of 11] Compiling Data.Functor.Rep ( src/Data/Functor/Rep.hs, .stack-work/dist/x86_64-linux/Cabal-1.24.0.0/build/Data/Functor/Rep.o )

src/Data/Functor/Rep.hs:111:1: warning: [-Winline-rule-shadowing]
    Rule "tabulate/index" may never fire
      because rule "Class op index" for ‘index’ might fire first
    Probable fix: add phase [n] or [~n] to the competing rule
[ 2 of 11] Compiling Data.Functor.Contravariant.Rep ( src/Data/Functor/Contravariant/Rep.hs, .stack-work/dist/x86_64-linux/Cabal-1.24.0.0/build/Data/Functor/Contravariant/Rep.o )

src/Data/Functor/Contravariant/Rep.hs:55:1: warning: [-Winline-rule-shadowing]
    Rule "tabulate/index" may never fire
      because rule "Class op index" for ‘index’ might fire first
    Probable fix: add phase [n] or [~n] to the competing rule
[ 3 of 11] Compiling Data.Functor.Contravariant.Adjunction ( src/Data/Functor/Contravariant/Adjunction.hs, .stack-work/dist/x86_64-linux/Cabal-1.24.0.0/build/Data/Functor/Contravariant/Adjunction.o )
[ 4 of 11] Compiling Data.Functor.Adjunction ( src/Data/Functor/Adjunction.hs, .stack-work/dist/x86_64-linux/Cabal-1.24.0.0/build/Data/Functor/Adjunction.o )
[ 5 of 11] Compiling Control.Monad.Trans.Conts ( src/Control/Monad/Trans/Conts.hs, .stack-work/dist/x86_64-linux/Cabal-1.24.0.0/build/Control/Monad/Trans/Conts.o )
[ 6 of 11] Compiling Control.Monad.Trans.Contravariant.Adjoint ( src/Control/Monad/Trans/Contravariant/Adjoint.hs, .stack-work/dist/x86_64-linux/Cabal-1.24.0.0/build/Control/Monad/Trans/Contravariant/Adjoint.o )
[ 7 of 11] Compiling Control.Monad.Trans.Adjoint ( src/Control/Monad/Trans/Adjoint.hs, .stack-work/dist/x86_64-linux/Cabal-1.24.0.0/build/Control/Monad/Trans/Adjoint.o )
[ 8 of 11] Compiling Control.Monad.Representable.State ( src/Control/Monad/Representable/State.hs, .stack-work/dist/x86_64-linux/Cabal-1.24.0.0/build/Control/Monad/Representable/State.o )
[ 9 of 11] Compiling Control.Monad.Representable.Reader ( src/Control/Monad/Representable/Reader.hs, .stack-work/dist/x86_64-linux/Cabal-1.24.0.0/build/Control/Monad/Representable/Reader.o )
[10 of 11] Compiling Control.Comonad.Trans.Adjoint ( src/Control/Comonad/Trans/Adjoint.hs, .stack-work/dist/x86_64-linux/Cabal-1.24.0.0/build/Control/Comonad/Trans/Adjoint.o )
[11 of 11] Compiling Control.Comonad.Representable.Store ( src/Control/Comonad/Representable/Store.hs, .stack-work/dist/x86_64-linux/Cabal-1.24.0.0/build/Control/Comonad/Representable/Store.o )
Running Haddock for adjunctions-4.3...
Preprocessing library adjunctions-4.3...
Haddock coverage:
  43% ( 16 / 37) in 'Data.Functor.Rep'
  Missing documentation for:
    Co (src/Data/Functor/Rep.hs:256)
    fmapRep (src/Data/Functor/Rep.hs:125)
    distributeRep (src/Data/Functor/Rep.hs:152)
    apRep (src/Data/Functor/Rep.hs:149)
    pureRep (src/Data/Functor/Rep.hs:128)
    liftR2 (src/Data/Functor/Rep.hs:296)
    liftR3 (src/Data/Functor/Rep.hs:299)
    bindRep (src/Data/Functor/Rep.hs:131)
    mfixRep (src/Data/Functor/Rep.hs:134)
    mzipRep (src/Data/Functor/Rep.hs:140)
    mzipWithRep (src/Data/Functor/Rep.hs:137)
    askRep (src/Data/Functor/Rep.hs:143)
    localRep (src/Data/Functor/Rep.hs:146)
    duplicatedRep (src/Data/Functor/Rep.hs:164)
    extendedRep (src/Data/Functor/Rep.hs:167)
    duplicateRep (src/Data/Functor/Rep.hs:170)
    extendRep (src/Data/Functor/Rep.hs:173)
    extractRep (src/Data/Functor/Rep.hs:176)
    duplicateRepBy (src/Data/Functor/Rep.hs:155)
    extendRepBy (src/Data/Functor/Rep.hs:158)
    extractRepBy (src/Data/Functor/Rep.hs:161)
  83% (  5 /  6) in 'Data.Functor.Contravariant.Rep'
  Missing documentation for:
    contramapRep (src/Data/Functor/Contravariant/Rep.hs:67)
  80% (  4 /  5) in 'Data.Functor.Contravariant.Adjunction'
  Missing documentation for:
    coindexAdjunction (src/Data/Functor/Contravariant/Adjunction.hs:78)
  62% ( 10 / 16) in 'Data.Functor.Adjunction'
  Missing documentation for:
    zapWithAdjunction (src/Data/Functor/Adjunction.hs:112)
    absurdL (src/Data/Functor/Adjunction.hs:136)
    extractL (src/Data/Functor/Adjunction.hs:121)
    duplicateL (src/Data/Functor/Adjunction.hs:124)
    splitL (src/Data/Functor/Adjunction.hs:115)
    unsplitL (src/Data/Functor/Adjunction.hs:118)
  33% (  4 / 12) in 'Control.Monad.Trans.Conts'
  Missing documentation for:
    Cont (src/Control/Monad/Trans/Conts.hs:45)
    cont (src/Control/Monad/Trans/Conts.hs:47)
    runCont (src/Control/Monad/Trans/Conts.hs:50)
    Conts (src/Control/Monad/Trans/Conts.hs:53)
    runConts (src/Control/Monad/Trans/Conts.hs:58)
    conts (src/Control/Monad/Trans/Conts.hs:55)
    ContsT (src/Control/Monad/Trans/Conts.hs:61)
    callCC (src/Control/Monad/Trans/Conts.hs:77)
  20% (  1 /  5) in 'Control.Monad.Trans.Contravariant.Adjoint'
  Missing documentation for:
    Adjoint (src/Control/Monad/Trans/Contravariant/Adjoint.hs:47)
    runAdjoint (src/Control/Monad/Trans/Contravariant/Adjoint.hs:54)
    adjoint (src/Control/Monad/Trans/Contravariant/Adjoint.hs:51)
    AdjointT (src/Control/Monad/Trans/Contravariant/Adjoint.hs:49)
  20% (  1 /  5) in 'Control.Monad.Trans.Adjoint'
  Missing documentation for:
    Adjoint (src/Control/Monad/Trans/Adjoint.hs:34)
    runAdjoint (src/Control/Monad/Trans/Adjoint.hs:41)
    adjoint (src/Control/Monad/Trans/Adjoint.hs:38)
    AdjointT (src/Control/Monad/Trans/Adjoint.hs:36)
  80% ( 12 / 15) in 'Control.Monad.Representable.State'
  Missing documentation for:
    stateT (src/Control/Monad/Representable/State.hs:109)
    runStateT (src/Control/Monad/Representable/State.hs:112)
    mapStateT (src/Control/Monad/Representable/State.hs:115)
  50% (  5 / 10) in 'Control.Monad.Representable.Reader'
  Missing documentation for:
    Reader (src/Control/Monad/Representable/Reader.hs:46)
    runReader (src/Control/Monad/Representable/Reader.hs:48)
    ReaderT (src/Control/Monad/Representable/Reader.hs:53)
    readerT (src/Control/Monad/Representable/Reader.hs:55)
    runReaderT (src/Control/Monad/Representable/Reader.hs:58)
  20% (  1 /  5) in 'Control.Comonad.Trans.Adjoint'
  Missing documentation for:
    Adjoint (src/Control/Comonad/Trans/Adjoint.hs:35)
    runAdjoint (src/Control/Comonad/Trans/Adjoint.hs:42)
    adjoint (src/Control/Comonad/Trans/Adjoint.hs:39)
    AdjointT (src/Control/Comonad/Trans/Adjoint.hs:37)
  62% (  5 /  8) in 'Control.Comonad.Representable.Store'
  Missing documentation for:
    storeT (src/Control/Comonad/Representable/Store.hs:76)
    runStoreT (src/Control/Comonad/Representable/Store.hs:79)
    ComonadStore
Warning: Data.Functor.Rep: could not find link destinations for:
    ~
Warning: Control.Monad.Representable.State: could not find link destinations for:
    ~
Warning: Control.Monad.Representable.Reader: could not find link destinations for:
    ~
Warning: Control.Comonad.Representable.Store: could not find link destinations for:
    ~
Documentation created:
.stack-work/dist/x86_64-linux/Cabal-1.24.0.0/doc/html/adjunctions/index.html,
.stack-work/dist/x86_64-linux/Cabal-1.24.0.0/doc/html/adjunctions/adjunctions.txt
Installing library in
/home/anand/.stack/snapshots/x86_64-linux/lts-7.19/8.0.1/lib/x86_64-linux-ghc-8.0.1/adjunctions-4.3-Ewje8oTlBVxAJau1N6lC0d
Registering adjunctions-4.3...
