Configuring aeson-0.11.3.0...
Building aeson-0.11.3.0...
Preprocessing library aeson-0.11.3.0...
[ 1 of 16] Compiling Data.Aeson.Types.Internal ( Data/Aeson/Types/Internal.hs, .stack-work/dist/x86_64-linux/Cabal-1.24.0.0/build/Data/Aeson/Types/Internal.o )
[ 2 of 16] Compiling Data.Aeson.Parser.Internal ( Data/Aeson/Parser/Internal.hs, .stack-work/dist/x86_64-linux/Cabal-1.24.0.0/build/Data/Aeson/Parser/Internal.o )
[ 3 of 16] Compiling Data.Aeson.Functions ( Data/Aeson/Functions.hs, .stack-work/dist/x86_64-linux/Cabal-1.24.0.0/build/Data/Aeson/Functions.o )
[ 4 of 16] Compiling Data.Aeson.Parser ( Data/Aeson/Parser.hs, .stack-work/dist/x86_64-linux/Cabal-1.24.0.0/build/Data/Aeson/Parser.o )
[ 5 of 16] Compiling Data.Aeson.Internal.Time ( Data/Aeson/Internal/Time.hs, .stack-work/dist/x86_64-linux/Cabal-1.24.0.0/build/Data/Aeson/Internal/Time.o )
[ 6 of 16] Compiling Data.Aeson.Encode.Builder ( Data/Aeson/Encode/Builder.hs, .stack-work/dist/x86_64-linux/Cabal-1.24.0.0/build/Data/Aeson/Encode/Builder.o )
[ 7 of 16] Compiling Data.Aeson.Types.Class ( Data/Aeson/Types/Class.hs, .stack-work/dist/x86_64-linux/Cabal-1.24.0.0/build/Data/Aeson/Types/Class.o )
[ 8 of 16] Compiling Data.Aeson.Encode.Functions ( Data/Aeson/Encode/Functions.hs, .stack-work/dist/x86_64-linux/Cabal-1.24.0.0/build/Data/Aeson/Encode/Functions.o )
[ 9 of 16] Compiling Data.Aeson.Parser.Time ( Data/Aeson/Parser/Time.hs, .stack-work/dist/x86_64-linux/Cabal-1.24.0.0/build/Data/Aeson/Parser/Time.o )
[10 of 16] Compiling Data.Aeson.Types.Instances ( Data/Aeson/Types/Instances.hs, .stack-work/dist/x86_64-linux/Cabal-1.24.0.0/build/Data/Aeson/Types/Instances.o )
[11 of 16] Compiling Data.Aeson.Types.Generic ( Data/Aeson/Types/Generic.hs, .stack-work/dist/x86_64-linux/Cabal-1.24.0.0/build/Data/Aeson/Types/Generic.o )

Data/Aeson/Types/Generic.hs:81:10: warning: [-Wredundant-constraints]
    • Redundant constraint: AllNullary (a :+: b) allNullary
    • In the instance declaration for ‘GToJSON (a :+: b)’

Data/Aeson/Types/Generic.hs:116:10: warning: [-Wredundant-constraints]
    • Redundant constraint: AllNullary (a :+: b) allNullary
    • In the instance declaration for ‘GToEncoding (a :+: b)’

Data/Aeson/Types/Generic.hs:510:10: warning: [-Wredundant-constraints]
    • Redundant constraint: AllNullary (a :+: b) allNullary
    • In the instance declaration for ‘GFromJSON (a :+: b)’

Data/Aeson/Types/Generic.hs:616:10: warning: [-Wredundant-constraints]
    • Redundant constraint: IsRecord f isRecord
    • In the instance declaration for ‘FromTaggedObject' f’

Data/Aeson/Types/Generic.hs:739:10: warning: [-Wredundant-constraints]
    • Redundant constraint: IsRecord f isRecord
    • In the instance declaration for ‘IsRecord (f :*: g) isRecord’

Data/Aeson/Types/Generic.hs:746:10: warning: [-Wredundant-constraints]
    • Redundant constraint: IsRecord f isRecord
    • In the instance declaration for ‘IsRecord (M1 S c f) isRecord’

Data/Aeson/Types/Generic.hs:755:10: warning: [-Wredundant-constraints]
    • Redundant constraints: (AllNullary a allNullaryL,
                              AllNullary b allNullaryR,
                              And allNullaryL allNullaryR allNullary)
    • In the instance declaration for ‘AllNullary (a :+: b) allNullary’

Data/Aeson/Types/Generic.hs:759:10: warning: [-Wredundant-constraints]
    • Redundant constraint: AllNullary a allNullary
    • In the instance declaration for
        ‘AllNullary (M1 i c a) allNullary’
[12 of 16] Compiling Data.Aeson.Types ( Data/Aeson/Types.hs, .stack-work/dist/x86_64-linux/Cabal-1.24.0.0/build/Data/Aeson/Types.o )
[13 of 16] Compiling Data.Aeson.Internal ( Data/Aeson/Internal.hs, .stack-work/dist/x86_64-linux/Cabal-1.24.0.0/build/Data/Aeson/Internal.o )
[14 of 16] Compiling Data.Aeson.Encode ( Data/Aeson/Encode.hs, .stack-work/dist/x86_64-linux/Cabal-1.24.0.0/build/Data/Aeson/Encode.o )
[15 of 16] Compiling Data.Aeson       ( Data/Aeson.hs, .stack-work/dist/x86_64-linux/Cabal-1.24.0.0/build/Data/Aeson.o )
[16 of 16] Compiling Data.Aeson.TH    ( Data/Aeson/TH.hs, .stack-work/dist/x86_64-linux/Cabal-1.24.0.0/build/Data/Aeson/TH.o )
Running Haddock for aeson-0.11.3.0...
Preprocessing library aeson-0.11.3.0...
Warning: The documentation for the following packages are not installed. No
links will be generated to these packages: fail-4.9.0.0

Data/Aeson/Types/Generic.hs:81:10: warning: [-Wredundant-constraints]
    • Redundant constraint: AllNullary (a :+: b) allNullary
    • In the instance declaration for ‘GToJSON (a :+: b)’

Data/Aeson/Types/Generic.hs:116:10: warning: [-Wredundant-constraints]
    • Redundant constraint: AllNullary (a :+: b) allNullary
    • In the instance declaration for ‘GToEncoding (a :+: b)’

Data/Aeson/Types/Generic.hs:510:10: warning: [-Wredundant-constraints]
    • Redundant constraint: AllNullary (a :+: b) allNullary
    • In the instance declaration for ‘GFromJSON (a :+: b)’

Data/Aeson/Types/Generic.hs:616:10: warning: [-Wredundant-constraints]
    • Redundant constraint: IsRecord f isRecord
    • In the instance declaration for ‘FromTaggedObject' f’

Data/Aeson/Types/Generic.hs:739:10: warning: [-Wredundant-constraints]
    • Redundant constraint: IsRecord f isRecord
    • In the instance declaration for ‘IsRecord (f :*: g) isRecord’

Data/Aeson/Types/Generic.hs:746:10: warning: [-Wredundant-constraints]
    • Redundant constraint: IsRecord f isRecord
    • In the instance declaration for ‘IsRecord (M1 S c f) isRecord’

Data/Aeson/Types/Generic.hs:755:10: warning: [-Wredundant-constraints]
    • Redundant constraints: (AllNullary a allNullaryL,
                              AllNullary b allNullaryR,
                              And allNullaryL allNullaryR allNullary)
    • In the instance declaration for ‘AllNullary (a :+: b) allNullary’

Data/Aeson/Types/Generic.hs:759:10: warning: [-Wredundant-constraints]
    • Redundant constraint: AllNullary a allNullary
    • In the instance declaration for
        ‘AllNullary (M1 i c a) allNullary’
Haddock coverage:
  97% ( 36 / 37) in 'Data.Aeson.Types.Internal'
  Missing documentation for:
    JSONPath (Data/Aeson/Types/Internal.hs:108)
  73% ( 11 / 15) in 'Data.Aeson.Parser.Internal'
  Missing documentation for:
    decodeWith (Data/Aeson/Parser/Internal.hs:313)
    decodeStrictWith (Data/Aeson/Parser/Internal.hs:322)
    eitherDecodeWith (Data/Aeson/Parser/Internal.hs:330)
    eitherDecodeStrictWith (Data/Aeson/Parser/Internal.hs:340)
 100% (  5 /  5) in 'Data.Aeson.Functions'
 100% ( 10 / 10) in 'Data.Aeson.Parser'
  33% (  2 /  6) in 'Data.Aeson.Internal.Time'
  Missing documentation for:
    fromPico (Data/Aeson/Internal/Time.hs:32)
    toPico (Data/Aeson/Internal/Time.hs:29)
    diffTimeOfDay64 (Data/Aeson/Internal/Time.hs:50)
    toTimeOfDay64 (Data/Aeson/Internal/Time.hs:56)
  48% ( 10 / 21) in 'Data.Aeson.Encode.Builder'
  Missing documentation for:
    emptyArray_ (Data/Aeson/Encode/Builder.hs:138)
    emptyObject_ (Data/Aeson/Encode/Builder.hs:144)
    object (Data/Aeson/Encode/Builder.hs:87)
    day (Data/Aeson/Encode/Builder.hs:176)
    localTime (Data/Aeson/Encode/Builder.hs:245)
    utcTime (Data/Aeson/Encode/Builder.hs:241)
    timeOfDay (Data/Aeson/Encode/Builder.hs:193)
    zonedTime (Data/Aeson/Encode/Builder.hs:249)
    ascii2 (Data/Aeson/Encode/Builder.hs:150)
    ascii4 (Data/Aeson/Encode/Builder.hs:154)
    ascii5 (Data/Aeson/Encode/Builder.hs:159)
 100% ( 15 / 15) in 'Data.Aeson.Types.Class'
  50% (  4 /  8) in 'Data.Aeson.Encode.Functions'
  Missing documentation for:
    Module header
    brackets (Data/Aeson/Encode/Functions.hs:51)
    builder (Data/Aeson/Encode/Functions.hs:28)
    list (Data/Aeson/Encode/Functions.hs:44)
 100% (  8 /  8) in 'Data.Aeson.Parser.Time'
  94% ( 30 / 32) in 'Data.Aeson.Types.Instances'
  Missing documentation for:
    tuple (Data/Aeson/Types/Instances.hs:849)
    >*< (Data/Aeson/Types/Instances.hs:853)
 100% (  1 /  1) in 'Data.Aeson.Types.Generic'
 100% ( 54 / 54) in 'Data.Aeson.Types'
  88% (  7 /  8) in 'Data.Aeson.Internal'
  Missing documentation for:
    JSONPath (Data/Aeson/Types/Internal.hs:108)
  86% (  6 /  7) in 'Data.Aeson.Encode'
  Missing documentation for:
    fromValue (Data/Aeson/Encode.hs:71)
 100% ( 66 / 66) in 'Data.Aeson'
 100% ( 13 / 13) in 'Data.Aeson.TH'
Documentation created:
.stack-work/dist/x86_64-linux/Cabal-1.24.0.0/doc/html/aeson/index.html,
.stack-work/dist/x86_64-linux/Cabal-1.24.0.0/doc/html/aeson/aeson.txt
Installing library in
/home/anand/.stack/snapshots/x86_64-linux/lts-7.19/8.0.1/lib/x86_64-linux-ghc-8.0.1/aeson-0.11.3.0-HABukI0brwVDL6VV4zjsTw
Registering aeson-0.11.3.0...
