Configuring asn1-parse-0.9.4...
Building asn1-parse-0.9.4...
Preprocessing library asn1-parse-0.9.4...
[1 of 1] Compiling Data.ASN1.Parse  ( Data/ASN1/Parse.hs, .stack-work/dist/x86_64-linux/Cabal-1.24.0.0/build/Data/ASN1/Parse.o )

Data/ASN1/Parse.hs:30:1: warning: [-Wunused-imports]
    The import of ‘Control.Applicative’ is redundant
      except perhaps to import instances from ‘Control.Applicative’
    To import instances alone, use: import Control.Applicative()
Running Haddock for asn1-parse-0.9.4...
Preprocessing library asn1-parse-0.9.4...

Data/ASN1/Parse.hs:30:1: warning: [-Wunused-imports]
    The import of ‘Control.Applicative’ is redundant
      except perhaps to import instances from ‘Control.Applicative’
    To import instances alone, use: import Control.Applicative()
Haddock coverage:
  94% ( 15 / 16) in 'Data.ASN1.Parse'
  Missing documentation for:
    ParseASN1 (Data/ASN1/Parse.hs:34)
Documentation created:
.stack-work/dist/x86_64-linux/Cabal-1.24.0.0/doc/html/asn1-parse/index.html,
.stack-work/dist/x86_64-linux/Cabal-1.24.0.0/doc/html/asn1-parse/asn1-parse.txt
Installing library in
/home/anand/.stack/snapshots/x86_64-linux/lts-7.19/8.0.1/lib/x86_64-linux-ghc-8.0.1/asn1-parse-0.9.4-Ai83ACtrOir9VlSOQtWm2F
Registering asn1-parse-0.9.4...
