Configuring asn1-encoding-0.9.4...
Building asn1-encoding-0.9.4...
Preprocessing library asn1-encoding-0.9.4...
[ 1 of 12] Compiling Data.ASN1.Get    ( Data/ASN1/Get.hs, .stack-work/dist/x86_64-linux/Cabal-1.24.0.0/build/Data/ASN1/Get.o )
[ 2 of 12] Compiling Data.ASN1.Internal ( Data/ASN1/Internal.hs, .stack-work/dist/x86_64-linux/Cabal-1.24.0.0/build/Data/ASN1/Internal.o )
[ 3 of 12] Compiling Data.ASN1.Serialize ( Data/ASN1/Serialize.hs, .stack-work/dist/x86_64-linux/Cabal-1.24.0.0/build/Data/ASN1/Serialize.o )
[ 4 of 12] Compiling Data.ASN1.BinaryEncoding.Writer ( Data/ASN1/BinaryEncoding/Writer.hs, .stack-work/dist/x86_64-linux/Cabal-1.24.0.0/build/Data/ASN1/BinaryEncoding/Writer.o )
[ 5 of 12] Compiling Data.ASN1.Object ( Data/ASN1/Object.hs, .stack-work/dist/x86_64-linux/Cabal-1.24.0.0/build/Data/ASN1/Object.o )
[ 6 of 12] Compiling Data.ASN1.Stream ( Data/ASN1/Stream.hs, .stack-work/dist/x86_64-linux/Cabal-1.24.0.0/build/Data/ASN1/Stream.o )
[ 7 of 12] Compiling Data.ASN1.Error  ( Data/ASN1/Error.hs, .stack-work/dist/x86_64-linux/Cabal-1.24.0.0/build/Data/ASN1/Error.o )
[ 8 of 12] Compiling Data.ASN1.Encoding ( Data/ASN1/Encoding.hs, .stack-work/dist/x86_64-linux/Cabal-1.24.0.0/build/Data/ASN1/Encoding.o )
[ 9 of 12] Compiling Data.ASN1.Prim   ( Data/ASN1/Prim.hs, .stack-work/dist/x86_64-linux/Cabal-1.24.0.0/build/Data/ASN1/Prim.o )

Data/ASN1/Prim.hs:59:1: warning: [-Wunused-imports]
    The import of ‘Control.Applicative’ is redundant
      except perhaps to import instances from ‘Control.Applicative’
    To import instances alone, use: import Control.Applicative()
[10 of 12] Compiling Data.ASN1.BinaryEncoding.Parse ( Data/ASN1/BinaryEncoding/Parse.hs, .stack-work/dist/x86_64-linux/Cabal-1.24.0.0/build/Data/ASN1/BinaryEncoding/Parse.o )
[11 of 12] Compiling Data.ASN1.BinaryEncoding ( Data/ASN1/BinaryEncoding.hs, .stack-work/dist/x86_64-linux/Cabal-1.24.0.0/build/Data/ASN1/BinaryEncoding.o )
[12 of 12] Compiling Data.ASN1.BinaryEncoding.Raw ( Data/ASN1/BinaryEncoding/Raw.hs, .stack-work/dist/x86_64-linux/Cabal-1.24.0.0/build/Data/ASN1/BinaryEncoding/Raw.o )
Running Haddock for asn1-encoding-0.9.4...
Preprocessing library asn1-encoding-0.9.4...

Data/ASN1/Prim.hs:59:1: warning: [-Wunused-imports]
    The import of ‘Control.Applicative’ is redundant
      except perhaps to import instances from ‘Control.Applicative’
    To import instances alone, use: import Control.Applicative()
Haddock coverage:
  67% (  6 /  9) in 'Data.ASN1.Get'
  Missing documentation for:
    Input (Data/ASN1/Get.hs:60)
    runGet (Data/ASN1/Get.hs:133)
    getWord8 (Data/ASN1/Get.hs:195)
  67% (  4 /  6) in 'Data.ASN1.Internal'
  Missing documentation for:
    bytesOfUInt (Data/ASN1/Internal.hs:26)
    putVarEncodingIntegral (Data/ASN1/Internal.hs:64)
 100% (  3 /  3) in 'Data.ASN1.Serialize'
 100% (  3 /  3) in 'Data.ASN1.BinaryEncoding.Writer'
 100% (  2 /  2) in 'Data.ASN1.Object'
  25% (  1 /  4) in 'Data.ASN1.Stream'
  Missing documentation for:
    ASN1Repr (Data/ASN1/Stream.hs:20)
    getConstructedEnd (Data/ASN1/Stream.hs:22)
    getConstructedEndRepr (Data/ASN1/Stream.hs:30)
 100% (  3 /  3) in 'Data.ASN1.Error'
 100% (  9 /  9) in 'Data.ASN1.Encoding'
  31% (  8 / 26) in 'Data.ASN1.Prim'
  Missing documentation for:
    encodeHeader (Data/ASN1/Prim.hs:62)
    encodePrimitiveHeader (Data/ASN1/Prim.hs:92)
    encodePrimitive (Data/ASN1/Prim.hs:109)
    decodePrimitive (Data/ASN1/Prim.hs:158)
    encodeConstructed (Data/ASN1/Prim.hs:140)
    encodeList (Data/ASN1/Prim.hs:126)
    encodeOne (Data/ASN1/Prim.hs:122)
    mkSmallestLength (Data/ASN1/Prim.hs:150)
    getBoolean (Data/ASN1/Prim.hs:190)
    getBitString (Data/ASN1/Prim.hs:222)
    getOctetString (Data/ASN1/Prim.hs:234)
    getNull (Data/ASN1/Prim.hs:237)
    getTime (Data/ASN1/Prim.hs:261)
    putTime (Data/ASN1/Prim.hs:331)
    putInteger (Data/ASN1/Prim.hs:343)
    putBitString (Data/ASN1/Prim.hs:346)
    putString (Data/ASN1/Prim.hs:351)
    putOID (Data/ASN1/Prim.hs:355)
 100% ( 10 / 10) in 'Data.ASN1.BinaryEncoding.Parse'
 100% (  3 /  3) in 'Data.ASN1.BinaryEncoding'
 100% ( 13 / 13) in 'Data.ASN1.BinaryEncoding.Raw'
Documentation created:
.stack-work/dist/x86_64-linux/Cabal-1.24.0.0/doc/html/asn1-encoding/index.html,
.stack-work/dist/x86_64-linux/Cabal-1.24.0.0/doc/html/asn1-encoding/asn1-encoding.txt
Installing library in
/home/anand/.stack/snapshots/x86_64-linux/lts-7.19/8.0.1/lib/x86_64-linux-ghc-8.0.1/asn1-encoding-0.9.4-2Zu5ldLYD571Aw26w0CWF6
Registering asn1-encoding-0.9.4...
