Configuring authenticate-oauth-1.5.1.2...
Building authenticate-oauth-1.5.1.2...
Preprocessing library authenticate-oauth-1.5.1.2...
[1 of 2] Compiling Web.Authenticate.OAuth ( Web/Authenticate/OAuth.hs, .stack-work/dist/x86_64-linux/Cabal-1.24.0.0/build/Web/Authenticate/OAuth.o )

Web/Authenticate/OAuth.hs:44:1: warning: [-Wunused-imports]
    The import of ‘PublicKey’
    from module ‘Crypto.Types.PubKey.RSA’ is redundant

Web/Authenticate/OAuth.hs:316:24: warning: [-Wdeprecations]
    In the use of ‘parseUrl’
    (imported from Network.HTTP.Client, but defined in http-client-0.4.31.2:Network.HTTP.Client.Request):
    Deprecated: "Please use parseUrlThrow, parseRequest, or parseRequest_ instead"

Web/Authenticate/OAuth.hs:393:34: warning: [-Wdeprecations]
    In the use of ‘parseUrl’
    (imported from Network.HTTP.Client, but defined in http-client-0.4.31.2:Network.HTTP.Client.Request):
    Deprecated: "Please use parseUrlThrow, parseRequest, or parseRequest_ instead"

Web/Authenticate/OAuth.hs:523:1: warning: [-Wincomplete-patterns]
    Pattern match(es) are non-exhaustive
    In an equation for ‘toBS’: Patterns not matched: (RequestBodyIO _)
[2 of 2] Compiling Web.Authenticate.OAuth.IO ( Web/Authenticate/OAuth/IO.hs, .stack-work/dist/x86_64-linux/Cabal-1.24.0.0/build/Web/Authenticate/OAuth/IO.o )

Web/Authenticate/OAuth/IO.hs:35:35: warning: [-Wdeprecations]
    In the use of ‘withManager’
    (imported from Network.HTTP.Client, but defined in http-client-0.4.31.2:Network.HTTP.Client.Manager):
    Deprecated: "Use newManager instead"

Web/Authenticate/OAuth/IO.hs:43:12: warning: [-Wdeprecations]
    In the use of ‘withManager’
    (imported from Network.HTTP.Client, but defined in http-client-0.4.31.2:Network.HTTP.Client.Manager):
    Deprecated: "Use newManager instead"

Web/Authenticate/OAuth/IO.hs:51:45: warning: [-Wdeprecations]
    In the use of ‘withManager’
    (imported from Network.HTTP.Client, but defined in http-client-0.4.31.2:Network.HTTP.Client.Manager):
    Deprecated: "Use newManager instead"

Web/Authenticate/OAuth/IO.hs:57:44: warning: [-Wdeprecations]
    In the use of ‘withManager’
    (imported from Network.HTTP.Client, but defined in http-client-0.4.31.2:Network.HTTP.Client.Manager):
    Deprecated: "Use newManager instead"

Web/Authenticate/OAuth/IO.hs:66:33: warning: [-Wdeprecations]
    In the use of ‘withManager’
    (imported from Network.HTTP.Client, but defined in http-client-0.4.31.2:Network.HTTP.Client.Manager):
    Deprecated: "Use newManager instead"

Web/Authenticate/OAuth/IO.hs:75:40: warning: [-Wdeprecations]
    In the use of ‘withManager’
    (imported from Network.HTTP.Client, but defined in http-client-0.4.31.2:Network.HTTP.Client.Manager):
    Deprecated: "Use newManager instead"

Web/Authenticate/OAuth/IO.hs:82:39: warning: [-Wdeprecations]
    In the use of ‘withManager’
    (imported from Network.HTTP.Client, but defined in http-client-0.4.31.2:Network.HTTP.Client.Manager):
    Deprecated: "Use newManager instead"
Installing library in
/home/anand/.stack/snapshots/x86_64-linux/lts-7.19/8.0.1/lib/x86_64-linux-ghc-8.0.1/authenticate-oauth-1.5.1.2-4mAwUKGHSWxEAZjOcPPkr0
Registering authenticate-oauth-1.5.1.2...
