Configuring cereal-0.5.4.0...
Building cereal-0.5.4.0...
Preprocessing library cereal-0.5.4.0...
[1 of 4] Compiling Data.Serialize.Get ( src/Data/Serialize/Get.hs, .stack-work/dist/x86_64-linux/Cabal-1.24.0.0/build/Data/Serialize/Get.o )
[2 of 4] Compiling Data.Serialize.Put ( src/Data/Serialize/Put.hs, .stack-work/dist/x86_64-linux/Cabal-1.24.0.0/build/Data/Serialize/Put.o )
[3 of 4] Compiling Data.Serialize.IEEE754 ( src/Data/Serialize/IEEE754.hs, .stack-work/dist/x86_64-linux/Cabal-1.24.0.0/build/Data/Serialize/IEEE754.o )
[4 of 4] Compiling Data.Serialize   ( src/Data/Serialize.hs, .stack-work/dist/x86_64-linux/Cabal-1.24.0.0/build/Data/Serialize.o )
Running Haddock for cereal-0.5.4.0...
Preprocessing library cereal-0.5.4.0...
Haddock coverage:
  94% ( 60 / 64) in 'Data.Serialize.Get'
  Missing documentation for:
    label (src/Data/Serialize/Get.hs:264)
    getLazyByteString (src/Data/Serialize/Get.hs:502)
    getShortByteString (src/Data/Serialize/Get.hs:506)
    getTwoOf (src/Data/Serialize/Get.hs:744)
  75% ( 41 / 55) in 'Data.Serialize.Put'
  Missing documentation for:
    Putter (src/Data/Serialize/Put.hs:141)
    putBuilder (src/Data/Serialize/Put.hs:189)
    putShortByteString (src/Data/Serialize/Put.hs:242)
    putTwoOf (src/Data/Serialize/Put.hs:382)
    putListOf (src/Data/Serialize/Put.hs:386)
    putIArrayOf (src/Data/Serialize/Put.hs:392)
    putSeqOf (src/Data/Serialize/Put.hs:398)
    putTreeOf (src/Data/Serialize/Put.hs:404)
    putMapOf (src/Data/Serialize/Put.hs:411)
    putIntMapOf (src/Data/Serialize/Put.hs:415)
    putSetOf (src/Data/Serialize/Put.hs:419)
    putIntSetOf (src/Data/Serialize/Put.hs:423)
    putMaybeOf (src/Data/Serialize/Put.hs:427)
    putEitherOf (src/Data/Serialize/Put.hs:432)
 100% ( 11 / 11) in 'Data.Serialize.IEEE754'
Cannot find documentation for: $example
  87% ( 13 / 15) in 'Data.Serialize'
  Missing documentation for:
    GSerializePut (src/Data/Serialize.hs:550)
    GSerializeGet (src/Data/Serialize.hs:553)
Warning: Data.Serialize.Get: could not find link destinations for:
    get
Warning: Data.Serialize.Put: could not find link destinations for:
    PairS
Warning: Data.Serialize: could not find link destinations for:
    PutSum SumSize GetSum
Documentation created:
.stack-work/dist/x86_64-linux/Cabal-1.24.0.0/doc/html/cereal/index.html,
.stack-work/dist/x86_64-linux/Cabal-1.24.0.0/doc/html/cereal/cereal.txt
Installing library in
/home/anand/.stack/snapshots/x86_64-linux/lts-7.19/8.0.1/lib/x86_64-linux-ghc-8.0.1/cereal-0.5.4.0-2FJYHGgtE5C3SxaZjt25xS
Registering cereal-0.5.4.0...
