Configuring connection-0.2.7...
Building connection-0.2.7...
Preprocessing library connection-0.2.7...
[1 of 2] Compiling Network.Connection.Types ( Network/Connection/Types.hs, .stack-work/dist/x86_64-linux/Cabal-1.24.0.0/build/Network/Connection/Types.o )
[2 of 2] Compiling Network.Connection ( Network/Connection.hs, .stack-work/dist/x86_64-linux/Cabal-1.24.0.0/build/Network/Connection.o )

Network/Connection.hs:52:1: warning: [-Wunused-imports]
    The import of ‘Control.Applicative’ is redundant
      except perhaps to import instances from ‘Control.Applicative’
    To import instances alone, use: import Control.Applicative()

Network/Connection.hs:101:1: warning: [-Wunused-top-binds]
    Defined but not used: ‘connectionSessionManager’

Network/Connection.hs:206:39: warning: [-Wname-shadowing]
    This binding for ‘serv’ shadows the existing binding
      bound at Network/Connection.hs:205:17
Running Haddock for connection-0.2.7...
Preprocessing library connection-0.2.7...

Network/Connection.hs:52:1: warning: [-Wunused-imports]
    The import of ‘Control.Applicative’ is redundant
      except perhaps to import instances from ‘Control.Applicative’
    To import instances alone, use: import Control.Applicative()

Network/Connection.hs:101:1: warning: [-Wunused-top-binds]
    Defined but not used: ‘connectionSessionManager’

Network/Connection.hs:206:39: warning: [-Wname-shadowing]
    This binding for ‘serv’ shadows the existing binding
      bound at Network/Connection.hs:205:17
Haddock coverage:
  70% (  7 / 10) in 'Network.Connection.Types'
  Missing documentation for:
    SockSettings (Network/Connection/Types.hs:59)
     (Network/Connection/Types.hs:79)
    ConnectionID (Network/Connection/Types.hs:82)
  97% ( 30 / 31) in 'Network.Connection'
  Missing documentation for:
    SockSettings (Network/Connection/Types.hs:59)
Warning: Network.Connection: could not find link destinations for:
    ConnectionID
Documentation created:
.stack-work/dist/x86_64-linux/Cabal-1.24.0.0/doc/html/connection/index.html,
.stack-work/dist/x86_64-linux/Cabal-1.24.0.0/doc/html/connection/connection.txt
Installing library in
/home/anand/.stack/snapshots/x86_64-linux/lts-7.19/8.0.1/lib/x86_64-linux-ghc-8.0.1/connection-0.2.7-IojRqYuuItS4b6QgIF69Wn
Registering connection-0.2.7...
