Configuring hourglass-0.2.10...
Building hourglass-0.2.10...
Preprocessing library hourglass-0.2.10...
[ 1 of 17] Compiling Data.Hourglass.Utils ( Data/Hourglass/Utils.hs, .stack-work/dist/x86_64-linux/Cabal-1.24.0.0/build/Data/Hourglass/Utils.o )

Data/Hourglass/Utils.hs:13:1: warning: [-Wredundant-constraints]
    • Redundant constraints: (Ord a, Num a)
    • In the type signature for:
           pad2 :: (Show a, Ord a, Num a, Integral a) => a -> String

Data/Hourglass/Utils.hs:19:1: warning: [-Wredundant-constraints]
    • Redundant constraints: (Ord a, Num a)
    • In the type signature for:
           pad4 :: (Show a, Ord a, Num a, Integral a) => a -> String

Data/Hourglass/Utils.hs:28:1: warning: [-Wredundant-constraints]
    • Redundant constraints: (Ord a, Num a, Integral a)
    • In the type signature for:
           padN :: (Show a, Ord a, Num a, Integral a) => Int -> a -> String
[ 2 of 17] Compiling Data.Hourglass.Zone ( Data/Hourglass/Zone.hs, .stack-work/dist/x86_64-linux/Cabal-1.24.0.0/build/Data/Hourglass/Zone.o )
[ 3 of 17] Compiling Time.Types       ( Time/Types.hs, .stack-work/dist/x86_64-linux/Cabal-1.24.0.0/build/Time/Types.o )
[ 4 of 17] Compiling Data.Hourglass.Types ( Data/Hourglass/Types.hs, .stack-work/dist/x86_64-linux/Cabal-1.24.0.0/build/Data/Hourglass/Types.o )
[ 5 of 17] Compiling Data.Hourglass.Internal.Unix ( Data/Hourglass/Internal/Unix.hs, .stack-work/dist/x86_64-linux/Cabal-1.24.0.0/build/Data/Hourglass/Internal/Unix.o )

Data/Hourglass/Internal/Unix.hs:24:1: warning: [-Wunused-imports]
    The import of ‘Control.Applicative’ is redundant
      except perhaps to import instances from ‘Control.Applicative’
    To import instances alone, use: import Control.Applicative()
[ 6 of 17] Compiling Data.Hourglass.Internal ( Data/Hourglass/Internal.hs, .stack-work/dist/x86_64-linux/Cabal-1.24.0.0/build/Data/Hourglass/Internal.o )
[ 7 of 17] Compiling Data.Hourglass.Calendar ( Data/Hourglass/Calendar.hs, .stack-work/dist/x86_64-linux/Cabal-1.24.0.0/build/Data/Hourglass/Calendar.o )
[ 8 of 17] Compiling Data.Hourglass.Diff ( Data/Hourglass/Diff.hs, .stack-work/dist/x86_64-linux/Cabal-1.24.0.0/build/Data/Hourglass/Diff.o )

Data/Hourglass/Diff.hs:22:1: warning: [-Wunused-imports]
    The import of ‘Data.Monoid’ is redundant
      except perhaps to import instances from ‘Data.Monoid’
    To import instances alone, use: import Data.Monoid()
[ 9 of 17] Compiling Data.Hourglass.Time ( Data/Hourglass/Time.hs, .stack-work/dist/x86_64-linux/Cabal-1.24.0.0/build/Data/Hourglass/Time.o )
[10 of 17] Compiling Data.Hourglass.Epoch ( Data/Hourglass/Epoch.hs, .stack-work/dist/x86_64-linux/Cabal-1.24.0.0/build/Data/Hourglass/Epoch.o )
[11 of 17] Compiling Data.Hourglass.Local ( Data/Hourglass/Local.hs, .stack-work/dist/x86_64-linux/Cabal-1.24.0.0/build/Data/Hourglass/Local.o )

Data/Hourglass/Local.hs:62:1: warning: [-Wredundant-constraints]
    • Redundant constraint: Time t
    • In the type signature for:
           localTime :: Time t => TimezoneOffset -> t -> LocalTime t
[12 of 17] Compiling Time.System      ( Time/System.hs, .stack-work/dist/x86_64-linux/Cabal-1.24.0.0/build/Time/System.o )

Time/System.hs:23:1: warning: [-Wunused-imports]
    The import of ‘Control.Applicative’ is redundant
      except perhaps to import instances from ‘Control.Applicative’
    To import instances alone, use: import Control.Applicative()
[13 of 17] Compiling System.Hourglass ( System/Hourglass.hs, .stack-work/dist/x86_64-linux/Cabal-1.24.0.0/build/System/Hourglass.o )
[14 of 17] Compiling Data.Hourglass.Format ( Data/Hourglass/Format.hs, .stack-work/dist/x86_64-linux/Cabal-1.24.0.0/build/Data/Hourglass/Format.o )
[15 of 17] Compiling Data.Hourglass   ( Data/Hourglass.hs, .stack-work/dist/x86_64-linux/Cabal-1.24.0.0/build/Data/Hourglass.o )

Data/Hourglass.hs:40:1: warning: [-Wunused-imports]
    The import of ‘daysInMonth’
    from module ‘Data.Hourglass.Calendar’ is redundant
[16 of 17] Compiling Time.Compat      ( Time/Compat.hs, .stack-work/dist/x86_64-linux/Cabal-1.24.0.0/build/Time/Compat.o )
[17 of 17] Compiling Data.Hourglass.Compat ( Data/Hourglass/Compat.hs, .stack-work/dist/x86_64-linux/Cabal-1.24.0.0/build/Data/Hourglass/Compat.o )
Running Haddock for hourglass-0.2.10...
Preprocessing library hourglass-0.2.10...

Data/Hourglass/Utils.hs:13:1: warning: [-Wredundant-constraints]
    • Redundant constraints: (Ord a, Num a)
    • In the type signature for:
           pad2 :: (Show a, Ord a, Num a, Integral a) => a -> String

Data/Hourglass/Utils.hs:19:1: warning: [-Wredundant-constraints]
    • Redundant constraints: (Ord a, Num a)
    • In the type signature for:
           pad4 :: (Show a, Ord a, Num a, Integral a) => a -> String

Data/Hourglass/Utils.hs:28:1: warning: [-Wredundant-constraints]
    • Redundant constraints: (Ord a, Num a, Integral a)
    • In the type signature for:
           padN :: (Show a, Ord a, Num a, Integral a) => Int -> a -> String

Data/Hourglass/Internal/Unix.hs:24:1: warning: [-Wunused-imports]
    The import of ‘Control.Applicative’ is redundant
      except perhaps to import instances from ‘Control.Applicative’
    To import instances alone, use: import Control.Applicative()

Data/Hourglass/Diff.hs:22:1: warning: [-Wunused-imports]
    The import of ‘Data.Monoid’ is redundant
      except perhaps to import instances from ‘Data.Monoid’
    To import instances alone, use: import Data.Monoid()

Data/Hourglass/Local.hs:62:1: warning: [-Wredundant-constraints]
    • Redundant constraint: Time t
    • In the type signature for:
           localTime :: Time t => TimezoneOffset -> t -> LocalTime t

Time/System.hs:23:1: warning: [-Wunused-imports]
    The import of ‘Control.Applicative’ is redundant
      except perhaps to import instances from ‘Control.Applicative’
    To import instances alone, use: import Control.Applicative()

Data/Hourglass.hs:40:1: warning: [-Wunused-imports]
    The import of ‘daysInMonth’
    from module ‘Data.Hourglass.Calendar’ is redundant
Haddock coverage:
 100% (  4 /  4) in 'Data.Hourglass.Utils'
 100% (  4 /  4) in 'Data.Hourglass.Zone'
 100% ( 23 / 23) in 'Time.Types'
 100% (  2 /  2) in 'Data.Hourglass.Types'
 100% (  6 /  6) in 'Data.Hourglass.Internal.Unix'
 100% (  6 /  6) in 'Data.Hourglass.Internal'
 100% ( 11 / 11) in 'Data.Hourglass.Calendar'
 100% (  8 /  8) in 'Data.Hourglass.Diff'
 100% ( 21 / 21) in 'Data.Hourglass.Time'
 100% (  9 /  9) in 'Data.Hourglass.Epoch'
 100% ( 12 / 12) in 'Data.Hourglass.Local'
 100% ( 10 / 10) in 'Time.System'
 100% (  2 /  2) in 'System.Hourglass'
 100% ( 17 / 17) in 'Data.Hourglass.Format'
 100% ( 56 / 56) in 'Data.Hourglass'
 100% (  4 /  4) in 'Time.Compat'
 100% (  2 /  2) in 'Data.Hourglass.Compat'
Documentation created:
.stack-work/dist/x86_64-linux/Cabal-1.24.0.0/doc/html/hourglass/index.html,
.stack-work/dist/x86_64-linux/Cabal-1.24.0.0/doc/html/hourglass/hourglass.txt
Installing library in
/home/anand/.stack/snapshots/x86_64-linux/lts-7.19/8.0.1/lib/x86_64-linux-ghc-8.0.1/hourglass-0.2.10-I8h0J4RSF89FN6CuD9x2Xx
Registering hourglass-0.2.10...
