Configuring http-client-0.4.31.2...
Building http-client-0.4.31.2...
Preprocessing library http-client-0.4.31.2...
[ 1 of 17] Compiling Network.PublicSuffixList.Types ( publicsuffixlist/Network/PublicSuffixList/Types.hs, .stack-work/dist/x86_64-linux/Cabal-1.24.0.0/build/Network/PublicSuffixList/Types.o )
[ 2 of 17] Compiling Network.PublicSuffixList.Serialize ( publicsuffixlist/Network/PublicSuffixList/Serialize.hs, .stack-work/dist/x86_64-linux/Cabal-1.24.0.0/build/Network/PublicSuffixList/Serialize.o )
[ 3 of 17] Compiling Network.PublicSuffixList.DataStructure ( publicsuffixlist/Network/PublicSuffixList/DataStructure.hs, .stack-work/dist/x86_64-linux/Cabal-1.24.0.0/build/Network/PublicSuffixList/DataStructure.o )
[ 4 of 17] Compiling Network.PublicSuffixList.Lookup ( publicsuffixlist/Network/PublicSuffixList/Lookup.hs, .stack-work/dist/x86_64-linux/Cabal-1.24.0.0/build/Network/PublicSuffixList/Lookup.o )
[ 5 of 17] Compiling Network.HTTP.Client.Util ( Network/HTTP/Client/Util.hs, .stack-work/dist/x86_64-linux/Cabal-1.24.0.0/build/Network/HTTP/Client/Util.o )
[ 6 of 17] Compiling Network.HTTP.Client.Types ( Network/HTTP/Client/Types.hs, .stack-work/dist/x86_64-linux/Cabal-1.24.0.0/build/Network/HTTP/Client/Types.o )
[ 7 of 17] Compiling Network.HTTP.Client.Connection ( Network/HTTP/Client/Connection.hs, .stack-work/dist/x86_64-linux/Cabal-1.24.0.0/build/Network/HTTP/Client/Connection.o )

Network/HTTP/Client/Connection.hs:128:6: warning: [-Wdeprecations]
    In the use of ‘sClose’ (imported from Network.Socket):
    Deprecated: "use 'close'"

Network/HTTP/Client/Connection.hs:166:14: warning: [-Wdeprecations]
    In the use of ‘sClose’ (imported from Network.Socket):
    Deprecated: "use 'close'"
[ 8 of 17] Compiling Network.HTTP.Client.Headers ( Network/HTTP/Client/Headers.hs, .stack-work/dist/x86_64-linux/Cabal-1.24.0.0/build/Network/HTTP/Client/Headers.o )
[ 9 of 17] Compiling Network.HTTP.Client.Request ( Network/HTTP/Client/Request.hs, .stack-work/dist/x86_64-linux/Cabal-1.24.0.0/build/Network/HTTP/Client/Request.o )
[10 of 17] Compiling Network.HTTP.Client.Manager ( Network/HTTP/Client/Manager.hs, .stack-work/dist/x86_64-linux/Cabal-1.24.0.0/build/Network/HTTP/Client/Manager.o )
[11 of 17] Compiling Network.HTTP.Client.Body ( Network/HTTP/Client/Body.hs, .stack-work/dist/x86_64-linux/Cabal-1.24.0.0/build/Network/HTTP/Client/Body.o )
[12 of 17] Compiling Network.HTTP.Client.Response ( Network/HTTP/Client/Response.hs, .stack-work/dist/x86_64-linux/Cabal-1.24.0.0/build/Network/HTTP/Client/Response.o )
[13 of 17] Compiling Network.HTTP.Client.Cookies ( Network/HTTP/Client/Cookies.hs, .stack-work/dist/x86_64-linux/Cabal-1.24.0.0/build/Network/HTTP/Client/Cookies.o )
[14 of 17] Compiling Network.HTTP.Client.Core ( Network/HTTP/Client/Core.hs, .stack-work/dist/x86_64-linux/Cabal-1.24.0.0/build/Network/HTTP/Client/Core.o )
[15 of 17] Compiling Network.HTTP.Client.Internal ( Network/HTTP/Client/Internal.hs, .stack-work/dist/x86_64-linux/Cabal-1.24.0.0/build/Network/HTTP/Client/Internal.o )
[16 of 17] Compiling Network.HTTP.Client ( Network/HTTP/Client.hs, .stack-work/dist/x86_64-linux/Cabal-1.24.0.0/build/Network/HTTP/Client.o )
[17 of 17] Compiling Network.HTTP.Client.MultipartFormData ( Network/HTTP/Client/MultipartFormData.hs, .stack-work/dist/x86_64-linux/Cabal-1.24.0.0/build/Network/HTTP/Client/MultipartFormData.o )
Running Haddock for http-client-0.4.31.2...
Preprocessing library http-client-0.4.31.2...

Network/HTTP/Client/Connection.hs:128:6: warning: [-Wdeprecations]
    In the use of ‘sClose’ (imported from Network.Socket):
    Deprecated: "use 'close'"

Network/HTTP/Client/Connection.hs:166:14: warning: [-Wdeprecations]
    In the use of ‘sClose’ (imported from Network.Socket):
    Deprecated: "use 'close'"
Haddock coverage:
  25% (  1 /  4) in 'Network.PublicSuffixList.Types'
  Missing documentation for:
    Tree (publicsuffixlist/Network/PublicSuffixList/Types.hs:11)
    def (publicsuffixlist/Network/PublicSuffixList/Types.hs:14)
    DataStructure (publicsuffixlist/Network/PublicSuffixList/Types.hs:17)
   0% (  0 /  3) in 'Network.PublicSuffixList.Serialize'
  Missing documentation for:
    Module header
    getDataStructure (publicsuffixlist/Network/PublicSuffixList/Serialize.hs:40)
    putDataStructure (publicsuffixlist/Network/PublicSuffixList/Serialize.hs:59)
  50% (  1 /  2) in 'Network.PublicSuffixList.DataStructure'
  Missing documentation for:
    Module header
  80% (  4 /  5) in 'Network.PublicSuffixList.Lookup'
  Missing documentation for:
    Module header
  43% (  3 /  7) in 'Network.HTTP.Client.Util'
  Missing documentation for:
    Module header
    <> (Network/HTTP/Client/Util.hs:83)
    readDec (Network/HTTP/Client/Util.hs:86)
    hasNoBody (Network/HTTP/Client/Util.hs:93)
  50% ( 14 / 28) in 'Network.HTTP.Client.Types'
  Missing documentation for:
    Module header
    Connection (Network/HTTP/Client/Types.hs:71)
    StatusHeaders (Network/HTTP/Client/Types.hs:85)
    ConnectionClosed (Network/HTTP/Client/Types.hs:88)
    HttpException (Network/HTTP/Client/Types.hs:93)
    Cookie (Network/HTTP/Client/Types.hs:160)
    CookieJar (Network/HTTP/Client/Types.hs:175)
    ConnReuse (Network/HTTP/Client/Types.hs:470)
    ConnRelease (Network/HTTP/Client/Types.hs:473)
    ManagedConn (Network/HTTP/Client/Types.hs:475)
    ResponseClose (Network/HTTP/Client/Types.hs:512)
    HasHttpManager (Network/HTTP/Client/Types.hs:631)
    ConnsMap (Network/HTTP/Client/Types.hs:636)
    NonEmptyList (Network/HTTP/Client/Types.hs:640)
  25% (  2 /  8) in 'Network.HTTP.Client.Connection'
  Missing documentation for:
    Module header
    connectionReadLine (Network/HTTP/Client/Connection.hs:27)
    connectionReadLineWith (Network/HTTP/Client/Connection.hs:39)
    openSocketConnection (Network/HTTP/Client/Connection.hs:130)
    openSocketConnectionSize (Network/HTTP/Client/Connection.hs:137)
    makeConnection (Network/HTTP/Client/Connection.hs:82)
   0% (  0 /  2) in 'Network.HTTP.Client.Headers'
  Missing documentation for:
    Module header
    parseStatusHeaders (Network/HTTP/Client/Headers.hs:28)
  87% ( 20 / 23) in 'Network.HTTP.Client.Request'
  Missing documentation for:
    Module header
    needsGunzip (Network/HTTP/Client/Request.hs:369)
    requestBuilder (Network/HTTP/Client/Request.hs:377)
  88% ( 14 / 16) in 'Network.HTTP.Client.Manager'
  Missing documentation for:
    Module header
    getConn (Network/HTTP/Client/Manager.hs:408)
  30% (  3 / 10) in 'Network.HTTP.Client.Body'
  Missing documentation for:
    Module header
    makeChunkedReader (Network/HTTP/Client/Body.hs:136)
    makeLengthReader (Network/HTTP/Client/Body.hs:113)
    makeGzipReader (Network/HTTP/Client/Body.hs:74)
    makeUnlimitedReader (Network/HTTP/Client/Body.hs:105)
    brEmpty (Network/HTTP/Client/Body.hs:52)
    brAddCleanup (Network/HTTP/Client/Body.hs:55)
  50% (  2 /  4) in 'Network.HTTP.Client.Response'
  Missing documentation for:
    Module header
    getResponse (Network/HTTP/Client/Response.hs:86)
  73% ( 11 / 15) in 'Network.HTTP.Client.Cookies'
  Missing documentation for:
    createCookieJar (Network/HTTP/Client/Cookies.hs:90)
    destroyCookieJar (Network/HTTP/Client/Cookies.hs:93)
    removeExistingCookieFromCookieJar (Network/HTTP/Client/Cookies.hs:100)
    isIpAddress (Network/HTTP/Client/Cookies.hs:40)
  92% ( 11 / 12) in 'Network.HTTP.Client.Core'
  Missing documentation for:
    Module header
  71% ( 90 /126) in 'Network.HTTP.Client.Internal'
  Missing documentation for:
    makeChunkedReader (Network/HTTP/Client/Body.hs:136)
    makeLengthReader (Network/HTTP/Client/Body.hs:113)
    makeGzipReader (Network/HTTP/Client/Body.hs:74)
    makeUnlimitedReader (Network/HTTP/Client/Body.hs:105)
    brEmpty (Network/HTTP/Client/Body.hs:52)
    brAddCleanup (Network/HTTP/Client/Body.hs:55)
    connectionReadLine (Network/HTTP/Client/Connection.hs:27)
    connectionReadLineWith (Network/HTTP/Client/Connection.hs:39)
    openSocketConnection (Network/HTTP/Client/Connection.hs:130)
    openSocketConnectionSize (Network/HTTP/Client/Connection.hs:137)
    makeConnection (Network/HTTP/Client/Connection.hs:82)
    createCookieJar (Network/HTTP/Client/Cookies.hs:90)
    destroyCookieJar (Network/HTTP/Client/Cookies.hs:93)
    removeExistingCookieFromCookieJar (Network/HTTP/Client/Cookies.hs:100)
    isIpAddress (Network/HTTP/Client/Cookies.hs:40)
    parseStatusHeaders (Network/HTTP/Client/Headers.hs:28)
    needsGunzip (Network/HTTP/Client/Request.hs:369)
    requestBuilder (Network/HTTP/Client/Request.hs:377)
    getResponse (Network/HTTP/Client/Response.hs:86)
    getConn (Network/HTTP/Client/Manager.hs:408)
    Connection (Network/HTTP/Client/Types.hs:71)
    StatusHeaders (Network/HTTP/Client/Types.hs:85)
    ConnectionClosed (Network/HTTP/Client/Types.hs:88)
    HttpException (Network/HTTP/Client/Types.hs:93)
    Cookie (Network/HTTP/Client/Types.hs:160)
    CookieJar (Network/HTTP/Client/Types.hs:175)
    ConnReuse (Network/HTTP/Client/Types.hs:470)
    ConnRelease (Network/HTTP/Client/Types.hs:473)
    ManagedConn (Network/HTTP/Client/Types.hs:475)
    ResponseClose (Network/HTTP/Client/Types.hs:512)
    HasHttpManager (Network/HTTP/Client/Types.hs:631)
    ConnsMap (Network/HTTP/Client/Types.hs:636)
    NonEmptyList (Network/HTTP/Client/Types.hs:640)
    <> (Network/HTTP/Client/Util.hs:83)
    readDec (Network/HTTP/Client/Util.hs:86)
    hasNoBody (Network/HTTP/Client/Util.hs:93)
  93% (106 /114) in 'Network.HTTP.Client'
  Missing documentation for:
    HasHttpManager (Network/HTTP/Client/Types.hs:631)
    HttpException (Network/HTTP/Client/Types.hs:93)
    Cookie (Network/HTTP/Client/Types.hs:160)
    CookieJar (Network/HTTP/Client/Types.hs:175)
    createCookieJar (Network/HTTP/Client/Cookies.hs:90)
    destroyCookieJar (Network/HTTP/Client/Cookies.hs:93)
    removeExistingCookieFromCookieJar (Network/HTTP/Client/Cookies.hs:100)
    isIpAddress (Network/HTTP/Client/Cookies.hs:40)
  93% ( 25 / 27) in 'Network.HTTP.Client.MultipartFormData'
  Missing documentation for:
    webkitBoundaryPure (Network/HTTP/Client/MultipartFormData.hs:246)
    renderPart (Network/HTTP/Client/MultipartFormData.hs:211)
Documentation created:
.stack-work/dist/x86_64-linux/Cabal-1.24.0.0/doc/html/http-client/index.html,
.stack-work/dist/x86_64-linux/Cabal-1.24.0.0/doc/html/http-client/http-client.txt
Installing library in
/home/anand/.stack/snapshots/x86_64-linux/lts-7.19/8.0.1/lib/x86_64-linux-ghc-8.0.1/http-client-0.4.31.2-HKNgXYhIuGo8bIaJiXW8Xk
Registering http-client-0.4.31.2...
