Configuring http-types-0.9.1...
Building http-types-0.9.1...
Preprocessing library http-types-0.9.1...
[1 of 7] Compiling Network.HTTP.Types.Version ( Network/HTTP/Types/Version.hs, .stack-work/dist/x86_64-linux/Cabal-1.24.0.0/build/Network/HTTP/Types/Version.o )
[2 of 7] Compiling Network.HTTP.Types.URI ( Network/HTTP/Types/URI.hs, .stack-work/dist/x86_64-linux/Cabal-1.24.0.0/build/Network/HTTP/Types/URI.o )

Network/HTTP/Types/URI.hs:148:26: warning: [-Wdeprecations]
    In the use of ‘breakByte’ (imported from Data.ByteString):
    Deprecated: "It is an internal function and should never have been exported. Use 'break (== x)' instead. (There are rewrite rules that handle this special case of 'break'.)"

Network/HTTP/Types/URI.hs:283:22: warning: [-Wdeprecations]
    In the use of ‘breakByte’ (imported from Data.ByteString):
    Deprecated: "It is an internal function and should never have been exported. Use 'break (== x)' instead. (There are rewrite rules that handle this special case of 'break'.)"

Network/HTTP/Types/URI.hs:313:20: warning: [-Wdeprecations]
    In the use of ‘breakByte’ (imported from Data.ByteString):
    Deprecated: "It is an internal function and should never have been exported. Use 'break (== x)' instead. (There are rewrite rules that handle this special case of 'break'.)"

Network/HTTP/Types/URI.hs:325:18: warning: [-Wdeprecations]
    In the use of ‘breakByte’ (imported from Data.ByteString):
    Deprecated: "It is an internal function and should never have been exported. Use 'break (== x)' instead. (There are rewrite rules that handle this special case of 'break'.)"
[3 of 7] Compiling Network.HTTP.Types.Status ( Network/HTTP/Types/Status.hs, .stack-work/dist/x86_64-linux/Cabal-1.24.0.0/build/Network/HTTP/Types/Status.o )
[4 of 7] Compiling Network.HTTP.Types.QueryLike ( Network/HTTP/Types/QueryLike.hs, .stack-work/dist/x86_64-linux/Cabal-1.24.0.0/build/Network/HTTP/Types/QueryLike.o )
[5 of 7] Compiling Network.HTTP.Types.Method ( Network/HTTP/Types/Method.hs, .stack-work/dist/x86_64-linux/Cabal-1.24.0.0/build/Network/HTTP/Types/Method.o )
[6 of 7] Compiling Network.HTTP.Types.Header ( Network/HTTP/Types/Header.hs, .stack-work/dist/x86_64-linux/Cabal-1.24.0.0/build/Network/HTTP/Types/Header.o )
[7 of 7] Compiling Network.HTTP.Types ( Network/HTTP/Types.hs, .stack-work/dist/x86_64-linux/Cabal-1.24.0.0/build/Network/HTTP/Types.o )
Running Haddock for http-types-0.9.1...
Preprocessing library http-types-0.9.1...

Network/HTTP/Types/URI.hs:148:26: warning: [-Wdeprecations]
    In the use of ‘breakByte’ (imported from Data.ByteString):
    Deprecated: "It is an internal function and should never have been exported. Use 'break (== x)' instead. (There are rewrite rules that handle this special case of 'break'.)"

Network/HTTP/Types/URI.hs:283:22: warning: [-Wdeprecations]
    In the use of ‘breakByte’ (imported from Data.ByteString):
    Deprecated: "It is an internal function and should never have been exported. Use 'break (== x)' instead. (There are rewrite rules that handle this special case of 'break'.)"

Network/HTTP/Types/URI.hs:313:20: warning: [-Wdeprecations]
    In the use of ‘breakByte’ (imported from Data.ByteString):
    Deprecated: "It is an internal function and should never have been exported. Use 'break (== x)' instead. (There are rewrite rules that handle this special case of 'break'.)"

Network/HTTP/Types/URI.hs:325:18: warning: [-Wdeprecations]
    In the use of ‘breakByte’ (imported from Data.ByteString):
    Deprecated: "It is an internal function and should never have been exported. Use 'break (== x)' instead. (There are rewrite rules that handle this special case of 'break'.)"
Haddock coverage:
  80% (  4 /  5) in 'Network.HTTP.Types.Version'
  Missing documentation for:
    Module header
  97% ( 29 / 30) in 'Network.HTTP.Types.URI'
  Missing documentation for:
    Module header
  99% (101 /102) in 'Network.HTTP.Types.Status'
  Missing documentation for:
    Module header
  75% (  3 /  4) in 'Network.HTTP.Types.QueryLike'
  Missing documentation for:
    Module header
  93% ( 14 / 15) in 'Network.HTTP.Types.Method'
  Missing documentation for:
    Module header
  92% ( 58 / 63) in 'Network.HTTP.Types.Header'
  Missing documentation for:
    Module header
    renderByteRangeBuilder (Network/HTTP/Types/Header.hs:155)
    renderByteRange (Network/HTTP/Types/Header.hs:160)
    renderByteRangesBuilder (Network/HTTP/Types/Header.hs:166)
    renderByteRanges (Network/HTTP/Types/Header.hs:170)
  97% (172 /177) in 'Network.HTTP.Types'
  Missing documentation for:
    Module header
    renderByteRangeBuilder (Network/HTTP/Types/Header.hs:155)
    renderByteRange (Network/HTTP/Types/Header.hs:160)
    renderByteRangesBuilder (Network/HTTP/Types/Header.hs:166)
    renderByteRanges (Network/HTTP/Types/Header.hs:170)
Warning: Network.HTTP.Types.Method: could not find link destinations for:
    unsafeIndex unsafeRangeSize
Warning: Network.HTTP.Types: could not find link destinations for:
    unsafeIndex unsafeRangeSize
Documentation created:
.stack-work/dist/x86_64-linux/Cabal-1.24.0.0/doc/html/http-types/index.html,
.stack-work/dist/x86_64-linux/Cabal-1.24.0.0/doc/html/http-types/http-types.txt
Installing library in
/home/anand/.stack/snapshots/x86_64-linux/lts-7.19/8.0.1/lib/x86_64-linux-ghc-8.0.1/http-types-0.9.1-8WdUZL4twHzANJbxvb1Aoj
Registering http-types-0.9.1...
