Configuring kan-extensions-5.0.1...
Building kan-extensions-5.0.1...
Preprocessing library kan-extensions-5.0.1...
[ 1 of 12] Compiling Data.Functor.Kan.Ran ( src/Data/Functor/Kan/Ran.hs, .stack-work/dist/x86_64-linux/Cabal-1.24.0.0/build/Data/Functor/Kan/Ran.o )
[ 2 of 12] Compiling Data.Functor.Yoneda ( src/Data/Functor/Yoneda.hs, .stack-work/dist/x86_64-linux/Cabal-1.24.0.0/build/Data/Functor/Yoneda.o )
[ 3 of 12] Compiling Data.Functor.Kan.Lan ( src/Data/Functor/Kan/Lan.hs, .stack-work/dist/x86_64-linux/Cabal-1.24.0.0/build/Data/Functor/Kan/Lan.o )
[ 4 of 12] Compiling Data.Functor.Coyoneda ( src/Data/Functor/Coyoneda.hs, .stack-work/dist/x86_64-linux/Cabal-1.24.0.0/build/Data/Functor/Coyoneda.o )

src/Data/Functor/Coyoneda.hs:183:10: warning: [-Wredundant-constraints]
    • Redundant constraint: Functor f
    • In the instance declaration for ‘Read (Coyoneda f a)’
[ 5 of 12] Compiling Data.Functor.Day ( src/Data/Functor/Day.hs, .stack-work/dist/x86_64-linux/Cabal-1.24.0.0/build/Data/Functor/Day.o )
[ 6 of 12] Compiling Data.Functor.Day.Curried ( src/Data/Functor/Day/Curried.hs, .stack-work/dist/x86_64-linux/Cabal-1.24.0.0/build/Data/Functor/Day/Curried.o )
[ 7 of 12] Compiling Data.Functor.Contravariant.Coyoneda ( src/Data/Functor/Contravariant/Coyoneda.hs, .stack-work/dist/x86_64-linux/Cabal-1.24.0.0/build/Data/Functor/Contravariant/Coyoneda.o )
[ 8 of 12] Compiling Data.Functor.Contravariant.Yoneda ( src/Data/Functor/Contravariant/Yoneda.hs, .stack-work/dist/x86_64-linux/Cabal-1.24.0.0/build/Data/Functor/Contravariant/Yoneda.o )
[ 9 of 12] Compiling Data.Functor.Contravariant.Day ( src/Data/Functor/Contravariant/Day.hs, .stack-work/dist/x86_64-linux/Cabal-1.24.0.0/build/Data/Functor/Contravariant/Day.o )
[10 of 12] Compiling Control.Monad.Codensity ( src/Control/Monad/Codensity.hs, .stack-work/dist/x86_64-linux/Cabal-1.24.0.0/build/Control/Monad/Codensity.o )
[11 of 12] Compiling Control.Comonad.Density ( src/Control/Comonad/Density.hs, .stack-work/dist/x86_64-linux/Cabal-1.24.0.0/build/Control/Comonad/Density.o )
[12 of 12] Compiling Control.Monad.Co ( src/Control/Monad/Co.hs, .stack-work/dist/x86_64-linux/Cabal-1.24.0.0/build/Control/Monad/Co.o )
Running Haddock for kan-extensions-5.0.1...
Preprocessing library kan-extensions-5.0.1...

src/Data/Functor/Coyoneda.hs:183:10: warning: [-Wredundant-constraints]
    • Redundant constraint: Functor f
    • In the instance declaration for ‘Read (Coyoneda f a)’
Haddock coverage:
  53% (  8 / 15) in 'Data.Functor.Kan.Ran'
  Missing documentation for:
    decomposeRan (src/Data/Functor/Kan/Ran.hs:117)
    ranToAdjoint (src/Data/Functor/Kan/Ran.hs:131)
    composedAdjointToRan (src/Data/Functor/Kan/Ran.hs:145)
    repToRan (src/Data/Functor/Kan/Ran.hs:154)
    ranToRep (src/Data/Functor/Kan/Ran.hs:158)
    composedRepToRan (src/Data/Functor/Kan/Ran.hs:166)
    ranToComposedRep (src/Data/Functor/Kan/Ran.hs:162)
  45% (  5 / 11) in 'Data.Functor.Yoneda'
  Missing documentation for:
    lowerYoneda (src/Data/Functor/Yoneda.hs:86)
    maxF (src/Data/Functor/Yoneda.hs:160)
    minF (src/Data/Functor/Yoneda.hs:165)
    maxM (src/Data/Functor/Yoneda.hs:170)
    minM (src/Data/Functor/Yoneda.hs:175)
    ranToYoneda (src/Data/Functor/Yoneda.hs:101)
  75% (  9 / 12) in 'Data.Functor.Kan.Lan'
  Missing documentation for:
    decomposeLan (src/Data/Functor/Kan/Lan.hs:108)
    lanToAdjoint (src/Data/Functor/Kan/Lan.hs:80)
    composedAdjointToLan (src/Data/Functor/Kan/Lan.hs:94)
  88% (  7 /  8) in 'Data.Functor.Coyoneda'
  Missing documentation for:
    lanToCoyoneda (src/Data/Functor/Coyoneda.hs:76)
 100% ( 13 / 13) in 'Data.Functor.Day'
  93% ( 13 / 14) in 'Data.Functor.Day.Curried'
  Missing documentation for:
    Curried (src/Data/Functor/Day/Curried.hs:41)
 100% (  4 /  4) in 'Data.Functor.Contravariant.Coyoneda'
  75% (  3 /  4) in 'Data.Functor.Contravariant.Yoneda'
  Missing documentation for:
    lowerYoneda (src/Data/Functor/Contravariant/Yoneda.hs:43)
 100% ( 14 / 14) in 'Data.Functor.Contravariant.Day'
  80% (  8 / 10) in 'Control.Monad.Codensity'
  Missing documentation for:
    adjunctionToCodensity (src/Control/Monad/Codensity.hs:163)
    ranToCodensity (src/Control/Monad/Codensity.hs:204)
  57% (  4 /  7) in 'Control.Comonad.Density'
  Missing documentation for:
    Density (src/Control/Comonad/Density.hs:40)
    adjunctionToDensity (src/Control/Comonad/Density.hs:96)
    densityToLan (src/Control/Comonad/Density.hs:111)
  21% (  5 / 24) in 'Control.Monad.Co'
  Missing documentation for:
    Co (src/Control/Monad/Co.hs:76)
    co (src/Control/Monad/Co.hs:78)
    runCo (src/Control/Monad/Co.hs:81)
    liftCoT0 (src/Control/Monad/Co.hs:113)
    liftCoT0M (src/Control/Monad/Co.hs:149)
    lowerCoT0 (src/Control/Monad/Co.hs:116)
    lowerCo0 (src/Control/Monad/Co.hs:119)
    liftCoT1 (src/Control/Monad/Co.hs:122)
    liftCoT1M (src/Control/Monad/Co.hs:152)
    lowerCoT1 (src/Control/Monad/Co.hs:125)
    lowerCo1 (src/Control/Monad/Co.hs:128)
    diter (src/Control/Monad/Co.hs:155)
    dctrlM (src/Control/Monad/Co.hs:158)
    posW (src/Control/Monad/Co.hs:131)
    peekW (src/Control/Monad/Co.hs:134)
    peeksW (src/Control/Monad/Co.hs:137)
    askW (src/Control/Monad/Co.hs:140)
    asksW (src/Control/Monad/Co.hs:143)
    traceW (src/Control/Monad/Co.hs:146)
Warning: Data.Functor.Day.Curried: could not find link destinations for:
    ~
Documentation created:
.stack-work/dist/x86_64-linux/Cabal-1.24.0.0/doc/html/kan-extensions/index.html,
.stack-work/dist/x86_64-linux/Cabal-1.24.0.0/doc/html/kan-extensions/kan-extensions.txt
Installing library in
/home/anand/.stack/snapshots/x86_64-linux/lts-7.19/8.0.1/lib/x86_64-linux-ghc-8.0.1/kan-extensions-5.0.1-FKYbBkHlMSpJOdvGRlPo87
Registering kan-extensions-5.0.1...
