Configuring parallel-3.2.1.0...
Building parallel-3.2.1.0...
Preprocessing library parallel-3.2.1.0...
[1 of 3] Compiling Control.Parallel ( Control/Parallel.hs, .stack-work/dist/x86_64-linux/Cabal-1.24.0.0/build/Control/Parallel.o )
[2 of 3] Compiling Control.Seq      ( Control/Seq.hs, .stack-work/dist/x86_64-linux/Cabal-1.24.0.0/build/Control/Seq.o )
[3 of 3] Compiling Control.Parallel.Strategies ( Control/Parallel/Strategies.hs, .stack-work/dist/x86_64-linux/Cabal-1.24.0.0/build/Control/Parallel/Strategies.o )
Running Haddock for parallel-3.2.1.0...
Preprocessing library parallel-3.2.1.0...
Haddock coverage:
 100% (  3 /  3) in 'Control.Parallel'
  72% ( 21 / 29) in 'Control.Seq'
  Missing documentation for:
    seqTuple2 (Control/Seq.hs:174)
    seqTuple3 (Control/Seq.hs:178)
    seqTuple4 (Control/Seq.hs:182)
    seqTuple5 (Control/Seq.hs:186)
    seqTuple6 (Control/Seq.hs:190)
    seqTuple7 (Control/Seq.hs:194)
    seqTuple8 (Control/Seq.hs:198)
    seqTuple9 (Control/Seq.hs:202)
  81% ( 68 / 84) in 'Control.Parallel.Strategies'
  Missing documentation for:
    evalTuple2 (Control/Parallel/Strategies.hs:596)
    evalTuple3 (Control/Parallel/Strategies.hs:600)
    evalTuple4 (Control/Parallel/Strategies.hs:604)
    evalTuple5 (Control/Parallel/Strategies.hs:608)
    evalTuple6 (Control/Parallel/Strategies.hs:612)
    evalTuple7 (Control/Parallel/Strategies.hs:616)
    evalTuple8 (Control/Parallel/Strategies.hs:620)
    evalTuple9 (Control/Parallel/Strategies.hs:624)
    parTuple2 (Control/Parallel/Strategies.hs:628)
    parTuple3 (Control/Parallel/Strategies.hs:632)
    parTuple4 (Control/Parallel/Strategies.hs:636)
    parTuple5 (Control/Parallel/Strategies.hs:640)
    parTuple6 (Control/Parallel/Strategies.hs:644)
    parTuple7 (Control/Parallel/Strategies.hs:648)
    parTuple8 (Control/Parallel/Strategies.hs:652)
    parTuple9 (Control/Parallel/Strategies.hs:656)
Documentation created:
.stack-work/dist/x86_64-linux/Cabal-1.24.0.0/doc/html/parallel/index.html,
.stack-work/dist/x86_64-linux/Cabal-1.24.0.0/doc/html/parallel/parallel.txt
Installing library in
/home/anand/.stack/snapshots/x86_64-linux/lts-7.19/8.0.1/lib/x86_64-linux-ghc-8.0.1/parallel-3.2.1.0-6VcN0yUHtcs831TgbJiSSi
Registering parallel-3.2.1.0...
