Configuring prelude-extras-0.4.0.3...
Building prelude-extras-0.4.0.3...
Preprocessing library prelude-extras-0.4.0.3...
[1 of 1] Compiling Prelude.Extras   ( src/Prelude/Extras.hs, .stack-work/dist/x86_64-linux/Cabal-1.24.0.0/build/Prelude/Extras.o )
Running Haddock for prelude-extras-0.4.0.3...
Preprocessing library prelude-extras-0.4.0.3...
Haddock coverage:
   5% (  2 / 43) in 'Prelude.Extras'
  Missing documentation for:
    Module header
    Eq1 (src/Prelude/Extras.hs:83)
    /=# (src/Prelude/Extras.hs:90)
    Ord1 (src/Prelude/Extras.hs:178)
    <# (src/Prelude/Extras.hs:186)
    <=# (src/Prelude/Extras.hs:186)
    >=# (src/Prelude/Extras.hs:186)
    ># (src/Prelude/Extras.hs:186)
    max1 (src/Prelude/Extras.hs:187)
    min1 (src/Prelude/Extras.hs:187)
    Show1 (src/Prelude/Extras.hs:291)
    show1 (src/Prelude/Extras.hs:300)
    shows1 (src/Prelude/Extras.hs:303)
    Read1 (src/Prelude/Extras.hs:401)
    read1 (src/Prelude/Extras.hs:419)
    reads1 (src/Prelude/Extras.hs:422)
    readPrec1 (src/Prelude/Extras.hs:412)
    readListPrec1 (src/Prelude/Extras.hs:415)
    readList1Default (src/Prelude/Extras.hs:438)
    readListPrec1Default (src/Prelude/Extras.hs:441)
    Lift1 (src/Prelude/Extras.hs:643)
    Eq2 (src/Prelude/Extras.hs:150)
    /=## (src/Prelude/Extras.hs:157)
    Ord2 (src/Prelude/Extras.hs:247)
    <## (src/Prelude/Extras.hs:255)
    <=## (src/Prelude/Extras.hs:257)
    >=## (src/Prelude/Extras.hs:259)
    >## (src/Prelude/Extras.hs:261)
    max2 (src/Prelude/Extras.hs:264)
    min2 (src/Prelude/Extras.hs:269)
    Show2 (src/Prelude/Extras.hs:361)
    show2 (src/Prelude/Extras.hs:370)
    shows2 (src/Prelude/Extras.hs:374)
    Read2 (src/Prelude/Extras.hs:551)
    read2 (src/Prelude/Extras.hs:592)
    reads2 (src/Prelude/Extras.hs:595)
    readPrec2 (src/Prelude/Extras.hs:561)
    readListPrec2 (src/Prelude/Extras.hs:564)
    readList2Default (src/Prelude/Extras.hs:611)
    readListPrec2Default (src/Prelude/Extras.hs:614)
    Lift2 (src/Prelude/Extras.hs:651)
Documentation created:
.stack-work/dist/x86_64-linux/Cabal-1.24.0.0/doc/html/prelude-extras/index.html,
.stack-work/dist/x86_64-linux/Cabal-1.24.0.0/doc/html/prelude-extras/prelude-extras.txt
Installing library in
/home/anand/.stack/snapshots/x86_64-linux/lts-7.19/8.0.1/lib/x86_64-linux-ghc-8.0.1/prelude-extras-0.4.0.3-FAyB4iuuM7cHXdrLMZtdXq
Registering prelude-extras-0.4.0.3...
