Configuring psqueues-0.2.2.3...
Building psqueues-0.2.2.3...
Preprocessing library psqueues-0.2.2.3...
[1 of 7] Compiling Data.OrdPSQ.Internal ( src/Data/OrdPSQ/Internal.hs, .stack-work/dist/x86_64-linux/Cabal-1.24.0.0/build/Data/OrdPSQ/Internal.o )

src/Data/OrdPSQ/Internal.hs:6:14: warning: [-Wtrustworthy-safe]
    ‘Data.OrdPSQ.Internal’ is marked as Trustworthy but has been inferred as safe!

src/Data/OrdPSQ/Internal.hs:75:1: warning: [-Wunused-imports]
    The import of ‘Data.Traversable’ is redundant
      except perhaps to import instances from ‘Data.Traversable’
    To import instances alone, use: import Data.Traversable()
[2 of 7] Compiling Data.BitUtil     ( src/Data/BitUtil.hs, .stack-work/dist/x86_64-linux/Cabal-1.24.0.0/build/Data/BitUtil.o )
[3 of 7] Compiling Data.IntPSQ.Internal ( src/Data/IntPSQ/Internal.hs, .stack-work/dist/x86_64-linux/Cabal-1.24.0.0/build/Data/IntPSQ/Internal.o )

src/Data/IntPSQ/Internal.hs:69:1: warning: [-Wunused-imports]
    The import of ‘foldr’ from module ‘Data.Foldable’ is redundant

src/Data/IntPSQ/Internal.hs:79:1: warning: [-Wunused-imports]
    The import of ‘Data.Traversable’ is redundant
      except perhaps to import instances from ‘Data.Traversable’
    To import instances alone, use: import Data.Traversable()

src/Data/IntPSQ/Internal.hs:198:1: warning: [-Wredundant-constraints]
    • Redundant constraint: Ord p
    • In the type signature for:
           findMin :: Ord p => IntPSQ p v -> Maybe (Int, p, v)

src/Data/IntPSQ/Internal.hs:214:1: warning: [-Wredundant-constraints]
    • Redundant constraint: Ord p
    • In the type signature for:
           singleton :: Ord p => Int -> p -> v -> IntPSQ p v
[4 of 7] Compiling Data.OrdPSQ      ( src/Data/OrdPSQ.hs, .stack-work/dist/x86_64-linux/Cabal-1.24.0.0/build/Data/OrdPSQ.o )

src/Data/OrdPSQ.hs:15:14: warning: [-Wtrustworthy-safe]
    ‘Data.OrdPSQ’ is marked as Trustworthy but has been inferred as safe!
[5 of 7] Compiling Data.HashPSQ.Internal ( src/Data/HashPSQ/Internal.hs, .stack-work/dist/x86_64-linux/Cabal-1.24.0.0/build/Data/HashPSQ/Internal.o )

src/Data/HashPSQ/Internal.hs:57:1: warning: [-Wunused-imports]
    The import of ‘foldr’ from module ‘Data.Foldable’ is redundant

src/Data/HashPSQ/Internal.hs:62:1: warning: [-Wunused-imports]
    The import of ‘Data.Traversable’ is redundant
      except perhaps to import instances from ‘Data.Traversable’
    To import instances alone, use: import Data.Traversable()

src/Data/HashPSQ/Internal.hs:135:1: warning: [-Wredundant-constraints]
    • Redundant constraint: Ord p
    • In the type signature for:
           lookup :: (Ord k, Hashable k, Ord p) =>
                     k -> HashPSQ k p v -> Maybe (p, v)

src/Data/HashPSQ/Internal.hs:143:1: warning: [-Wredundant-constraints]
    • Redundant constraints: (Hashable k, Ord k)
    • In the type signature for:
           findMin :: (Hashable k, Ord k, Ord p) =>
                      HashPSQ k p v -> Maybe (k, p, v)

src/Data/HashPSQ/Internal.hs:275:1: warning: [-Wredundant-constraints]
    • Redundant constraints: (Hashable k, Ord k, Ord p)
    • In the type signature for:
           toList :: (Hashable k, Ord k, Ord p) =>
                     HashPSQ k p v -> [(k, p, v)]

src/Data/HashPSQ/Internal.hs:329:1: warning: [-Wredundant-constraints]
    • Redundant constraint: Hashable k
    • In the type signature for:
           minView :: (Hashable k, Ord k, Ord p) =>
                      HashPSQ k p v -> Maybe (k, p, v, HashPSQ k p v)
[6 of 7] Compiling Data.IntPSQ      ( src/Data/IntPSQ.hs, .stack-work/dist/x86_64-linux/Cabal-1.24.0.0/build/Data/IntPSQ.o )
[7 of 7] Compiling Data.HashPSQ     ( src/Data/HashPSQ.hs, .stack-work/dist/x86_64-linux/Cabal-1.24.0.0/build/Data/HashPSQ.o )
Running Haddock for psqueues-0.2.2.3...
Preprocessing library psqueues-0.2.2.3...

src/Data/OrdPSQ/Internal.hs:6:14: warning: [-Wtrustworthy-safe]
    ‘Data.OrdPSQ.Internal’ is marked as Trustworthy but has been inferred as safe!

src/Data/OrdPSQ/Internal.hs:75:1: warning: [-Wunused-imports]
    The import of ‘Data.Traversable’ is redundant
      except perhaps to import instances from ‘Data.Traversable’
    To import instances alone, use: import Data.Traversable()

src/Data/IntPSQ/Internal.hs:69:1: warning: [-Wunused-imports]
    The import of ‘foldr’ from module ‘Data.Foldable’ is redundant

src/Data/IntPSQ/Internal.hs:79:1: warning: [-Wunused-imports]
    The import of ‘Data.Traversable’ is redundant
      except perhaps to import instances from ‘Data.Traversable’
    To import instances alone, use: import Data.Traversable()

src/Data/IntPSQ/Internal.hs:198:1: warning: [-Wredundant-constraints]
    • Redundant constraint: Ord p
    • In the type signature for:
           findMin :: Ord p => IntPSQ p v -> Maybe (Int, p, v)

src/Data/IntPSQ/Internal.hs:214:1: warning: [-Wredundant-constraints]
    • Redundant constraint: Ord p
    • In the type signature for:
           singleton :: Ord p => Int -> p -> v -> IntPSQ p v

src/Data/OrdPSQ.hs:15:14: warning: [-Wtrustworthy-safe]
    ‘Data.OrdPSQ’ is marked as Trustworthy but has been inferred as safe!

src/Data/HashPSQ/Internal.hs:57:1: warning: [-Wunused-imports]
    The import of ‘foldr’ from module ‘Data.Foldable’ is redundant

src/Data/HashPSQ/Internal.hs:62:1: warning: [-Wunused-imports]
    The import of ‘Data.Traversable’ is redundant
      except perhaps to import instances from ‘Data.Traversable’
    To import instances alone, use: import Data.Traversable()

src/Data/HashPSQ/Internal.hs:135:1: warning: [-Wredundant-constraints]
    • Redundant constraint: Ord p
    • In the type signature for:
           lookup :: (Ord k, Hashable k, Ord p) =>
                     k -> HashPSQ k p v -> Maybe (p, v)

src/Data/HashPSQ/Internal.hs:143:1: warning: [-Wredundant-constraints]
    • Redundant constraints: (Hashable k, Ord k)
    • In the type signature for:
           findMin :: (Hashable k, Ord k, Ord p) =>
                      HashPSQ k p v -> Maybe (k, p, v)

src/Data/HashPSQ/Internal.hs:275:1: warning: [-Wredundant-constraints]
    • Redundant constraints: (Hashable k, Ord k, Ord p)
    • In the type signature for:
           toList :: (Hashable k, Ord k, Ord p) =>
                     HashPSQ k p v -> [(k, p, v)]

src/Data/HashPSQ/Internal.hs:329:1: warning: [-Wredundant-constraints]
    • Redundant constraint: Hashable k
    • In the type signature for:
           minView :: (Hashable k, Ord k, Ord p) =>
                      HashPSQ k p v -> Maybe (k, p, v, HashPSQ k p v)
Haddock coverage:
  71% ( 36 / 51) in 'Data.OrdPSQ.Internal'
  Missing documentation for:
    Module header
    LTree (src/Data/OrdPSQ/Internal.hs:111)
    TourView (src/Data/OrdPSQ/Internal.hs:397)
    tourView (src/Data/OrdPSQ/Internal.hs:402)
    left (src/Data/OrdPSQ/Internal.hs:442)
    right (src/Data/OrdPSQ/Internal.hs:442)
    maxKey (src/Data/OrdPSQ/Internal.hs:452)
    lsingleLeft (src/Data/OrdPSQ/Internal.hs:503)
    rsingleLeft (src/Data/OrdPSQ/Internal.hs:515)
    lsingleRight (src/Data/OrdPSQ/Internal.hs:522)
    rsingleRight (src/Data/OrdPSQ/Internal.hs:529)
    ldoubleLeft (src/Data/OrdPSQ/Internal.hs:541)
    rdoubleLeft (src/Data/OrdPSQ/Internal.hs:559)
    ldoubleRight (src/Data/OrdPSQ/Internal.hs:550)
    rdoubleRight (src/Data/OrdPSQ/Internal.hs:568)
 100% (  2 /  2) in 'Data.BitUtil'
  80% ( 37 / 46) in 'Data.IntPSQ.Internal'
  Missing documentation for:
    Module header
    Nat (src/Data/IntPSQ/Internal.hs:97)
    Key (src/Data/IntPSQ/Internal.hs:99)
    unsafeInsertIncreasePriorityView (src/Data/IntPSQ/Internal.hs:511)
    unsafeInsertWithIncreasePriorityView (src/Data/IntPSQ/Internal.hs:548)
    hasBadNils (src/Data/IntPSQ/Internal.hs:640)
    hasDuplicateKeys (src/Data/IntPSQ/Internal.hs:647)
    hasMinHeapProperty (src/Data/IntPSQ/Internal.hs:658)
    validMask (src/Data/IntPSQ/Internal.hs:672)
 100% ( 33 / 33) in 'Data.OrdPSQ'
  87% ( 33 / 38) in 'Data.HashPSQ.Internal'
  Missing documentation for:
    Module header
    Bucket (src/Data/HashPSQ/Internal.hs:71)
    unsafeLookupIncreasePriority (src/Data/HashPSQ/Internal.hs:373)
    unsafeInsertIncreasePriority (src/Data/HashPSQ/Internal.hs:394)
    unsafeInsertIncreasePriorityView (src/Data/HashPSQ/Internal.hs:409)
 100% ( 32 / 32) in 'Data.IntPSQ'
 100% ( 32 / 32) in 'Data.HashPSQ'
Documentation created:
.stack-work/dist/x86_64-linux/Cabal-1.24.0.0/doc/html/psqueues/index.html,
.stack-work/dist/x86_64-linux/Cabal-1.24.0.0/doc/html/psqueues/psqueues.txt
Installing library in
/home/anand/.stack/snapshots/x86_64-linux/lts-7.19/8.0.1/lib/x86_64-linux-ghc-8.0.1/psqueues-0.2.2.3-YN2xKllZOMJLtAgRHlkEw
Registering psqueues-0.2.2.3...
