Configuring random-1.1...
Building random-1.1...
Preprocessing library random-1.1...
[1 of 1] Compiling System.Random    ( System/Random.hs, .stack-work/dist/x86_64-linux/Cabal-1.24.0.0/build/System/Random.o )

System/Random.hs:43:1: warning: [-Wtabs]
    Tab character found here, and in 74 further locations.
    Please use spaces instead.
Running Haddock for random-1.1...
Preprocessing library random-1.1...

System/Random.hs:43:1: warning: [-Wtabs]
    Tab character found here, and in 74 further locations.
    Please use spaces instead.
Haddock coverage:
Cannot find documentation for: $intro
 100% ( 16 / 16) in 'System.Random'
Documentation created:
.stack-work/dist/x86_64-linux/Cabal-1.24.0.0/doc/html/random/index.html,
.stack-work/dist/x86_64-linux/Cabal-1.24.0.0/doc/html/random/random.txt
Installing library in
/home/anand/.stack/snapshots/x86_64-linux/lts-7.19/8.0.1/lib/x86_64-linux-ghc-8.0.1/random-1.1-54KmMHXjttlERYcr1mvsAe
Registering random-1.1...
