Configuring tagged-0.8.5...
Building tagged-0.8.5...
Preprocessing library tagged-0.8.5...
[1 of 2] Compiling Data.Proxy.TH    ( src/Data/Proxy/TH.hs, .stack-work/dist/x86_64-linux/Cabal-1.24.0.0/build/Data/Proxy/TH.o )
[2 of 2] Compiling Data.Tagged      ( src/Data/Tagged.hs, .stack-work/dist/x86_64-linux/Cabal-1.24.0.0/build/Data/Tagged.o )
Running Haddock for tagged-0.8.5...
Preprocessing library tagged-0.8.5...
Haddock coverage:
  67% (  2 /  3) in 'Data.Proxy.TH'
  Missing documentation for:
    Module header
  93% ( 14 / 15) in 'Data.Tagged'
  Missing documentation for:
    witness (src/Data/Tagged.hs:451)
Warning: Data.Tagged: could not find link destinations for:
    unsafeIndex unsafeRangeSize
Documentation created:
.stack-work/dist/x86_64-linux/Cabal-1.24.0.0/doc/html/tagged/index.html,
.stack-work/dist/x86_64-linux/Cabal-1.24.0.0/doc/html/tagged/tagged.txt
Installing library in
/home/anand/.stack/snapshots/x86_64-linux/lts-7.19/8.0.1/lib/x86_64-linux-ghc-8.0.1/tagged-0.8.5-CtgV6EcN0do8F92i1S6iYx
Registering tagged-0.8.5...
