Configuring tls-1.3.9...
Building tls-1.3.9...
Preprocessing library tls-1.3.9...
[ 1 of 51] Compiling Network.TLS.X509 ( Network/TLS/X509.hs, .stack-work/dist/x86_64-linux/Cabal-1.24.0.0/build/Network/TLS/X509.o )
[ 2 of 51] Compiling Network.TLS.Types ( Network/TLS/Types.hs, .stack-work/dist/x86_64-linux/Cabal-1.24.0.0/build/Network/TLS/Types.o )
[ 3 of 51] Compiling Network.TLS.Util.Serialization ( Network/TLS/Util/Serialization.hs, .stack-work/dist/x86_64-linux/Cabal-1.24.0.0/build/Network/TLS/Util/Serialization.o )
[ 4 of 51] Compiling Network.TLS.Util.ASN1 ( Network/TLS/Util/ASN1.hs, .stack-work/dist/x86_64-linux/Cabal-1.24.0.0/build/Network/TLS/Util/ASN1.o )
[ 5 of 51] Compiling Network.TLS.Session ( Network/TLS/Session.hs, .stack-work/dist/x86_64-linux/Cabal-1.24.0.0/build/Network/TLS/Session.o )
[ 6 of 51] Compiling Network.TLS.RNG  ( Network/TLS/RNG.hs, .stack-work/dist/x86_64-linux/Cabal-1.24.0.0/build/Network/TLS/RNG.o )
[ 7 of 51] Compiling Network.TLS.Measurement ( Network/TLS/Measurement.hs, .stack-work/dist/x86_64-linux/Cabal-1.24.0.0/build/Network/TLS/Measurement.o )
[ 8 of 51] Compiling Network.TLS.Imports ( Network/TLS/Imports.hs, .stack-work/dist/x86_64-linux/Cabal-1.24.0.0/build/Network/TLS/Imports.o )
[ 9 of 51] Compiling Network.TLS.Util ( Network/TLS/Util.hs, .stack-work/dist/x86_64-linux/Cabal-1.24.0.0/build/Network/TLS/Util.o )
[10 of 51] Compiling Network.TLS.Extension.EC ( Network/TLS/Extension/EC.hs, .stack-work/dist/x86_64-linux/Cabal-1.24.0.0/build/Network/TLS/Extension/EC.o )
[11 of 51] Compiling Network.TLS.ErrT ( Network/TLS/ErrT.hs, .stack-work/dist/x86_64-linux/Cabal-1.24.0.0/build/Network/TLS/ErrT.o )
[12 of 51] Compiling Network.TLS.Crypto.ECDH ( Network/TLS/Crypto/ECDH.hs, .stack-work/dist/x86_64-linux/Cabal-1.24.0.0/build/Network/TLS/Crypto/ECDH.o )
[13 of 51] Compiling Network.TLS.Crypto.DH ( Network/TLS/Crypto/DH.hs, .stack-work/dist/x86_64-linux/Cabal-1.24.0.0/build/Network/TLS/Crypto/DH.o )
[14 of 51] Compiling Network.TLS.Crypto ( Network/TLS/Crypto.hs, .stack-work/dist/x86_64-linux/Cabal-1.24.0.0/build/Network/TLS/Crypto.o )
[15 of 51] Compiling Network.TLS.MAC  ( Network/TLS/MAC.hs, .stack-work/dist/x86_64-linux/Cabal-1.24.0.0/build/Network/TLS/MAC.o )
[16 of 51] Compiling Network.TLS.Backend ( Network/TLS/Backend.hs, .stack-work/dist/x86_64-linux/Cabal-1.24.0.0/build/Network/TLS/Backend.o )

Network/TLS/Backend.hs:75:44: warning: [-Wdeprecations]
    In the use of ‘sClose’ (imported from Network.Socket):
    Deprecated: "use 'close'"
[17 of 51] Compiling Network.TLS.Struct ( Network/TLS/Struct.hs, .stack-work/dist/x86_64-linux/Cabal-1.24.0.0/build/Network/TLS/Struct.o )
[18 of 51] Compiling Network.TLS.Credentials ( Network/TLS/Credentials.hs, .stack-work/dist/x86_64-linux/Cabal-1.24.0.0/build/Network/TLS/Credentials.o )
[19 of 51] Compiling Network.TLS.Hooks ( Network/TLS/Hooks.hs, .stack-work/dist/x86_64-linux/Cabal-1.24.0.0/build/Network/TLS/Hooks.o )
[20 of 51] Compiling Network.TLS.Wire ( Network/TLS/Wire.hs, .stack-work/dist/x86_64-linux/Cabal-1.24.0.0/build/Network/TLS/Wire.o )
[21 of 51] Compiling Network.TLS.Cap  ( Network/TLS/Cap.hs, .stack-work/dist/x86_64-linux/Cabal-1.24.0.0/build/Network/TLS/Cap.o )
[22 of 51] Compiling Network.TLS.Compression ( Network/TLS/Compression.hs, .stack-work/dist/x86_64-linux/Cabal-1.24.0.0/build/Network/TLS/Compression.o )
[23 of 51] Compiling Network.TLS.Cipher ( Network/TLS/Cipher.hs, .stack-work/dist/x86_64-linux/Cabal-1.24.0.0/build/Network/TLS/Cipher.o )
[24 of 51] Compiling Network.TLS.Packet ( Network/TLS/Packet.hs, .stack-work/dist/x86_64-linux/Cabal-1.24.0.0/build/Network/TLS/Packet.o )
[25 of 51] Compiling Network.TLS.Extension ( Network/TLS/Extension.hs, .stack-work/dist/x86_64-linux/Cabal-1.24.0.0/build/Network/TLS/Extension.o )
[26 of 51] Compiling Network.TLS.State ( Network/TLS/State.hs, .stack-work/dist/x86_64-linux/Cabal-1.24.0.0/build/Network/TLS/State.o )
[27 of 51] Compiling Network.TLS.Parameters ( Network/TLS/Parameters.hs, .stack-work/dist/x86_64-linux/Cabal-1.24.0.0/build/Network/TLS/Parameters.o )
[28 of 51] Compiling Network.TLS.Record.State ( Network/TLS/Record/State.hs, .stack-work/dist/x86_64-linux/Cabal-1.24.0.0/build/Network/TLS/Record/State.o )
[29 of 51] Compiling Network.TLS.Handshake.State ( Network/TLS/Handshake/State.hs, .stack-work/dist/x86_64-linux/Cabal-1.24.0.0/build/Network/TLS/Handshake/State.o )
[30 of 51] Compiling Network.TLS.Context.Internal ( Network/TLS/Context/Internal.hs, .stack-work/dist/x86_64-linux/Cabal-1.24.0.0/build/Network/TLS/Context/Internal.o )
[31 of 51] Compiling Network.TLS.Handshake.Certificate ( Network/TLS/Handshake/Certificate.hs, .stack-work/dist/x86_64-linux/Cabal-1.24.0.0/build/Network/TLS/Handshake/Certificate.o )
[32 of 51] Compiling Network.TLS.Handshake.Key ( Network/TLS/Handshake/Key.hs, .stack-work/dist/x86_64-linux/Cabal-1.24.0.0/build/Network/TLS/Handshake/Key.o )
[33 of 51] Compiling Network.TLS.Handshake.Process ( Network/TLS/Handshake/Process.hs, .stack-work/dist/x86_64-linux/Cabal-1.24.0.0/build/Network/TLS/Handshake/Process.o )
[34 of 51] Compiling Network.TLS.Handshake.Signature ( Network/TLS/Handshake/Signature.hs, .stack-work/dist/x86_64-linux/Cabal-1.24.0.0/build/Network/TLS/Handshake/Signature.o )
[35 of 51] Compiling Network.TLS.Record.Types ( Network/TLS/Record/Types.hs, .stack-work/dist/x86_64-linux/Cabal-1.24.0.0/build/Network/TLS/Record/Types.o )
[36 of 51] Compiling Network.TLS.Record.Engage ( Network/TLS/Record/Engage.hs, .stack-work/dist/x86_64-linux/Cabal-1.24.0.0/build/Network/TLS/Record/Engage.o )
[37 of 51] Compiling Network.TLS.Record.Disengage ( Network/TLS/Record/Disengage.hs, .stack-work/dist/x86_64-linux/Cabal-1.24.0.0/build/Network/TLS/Record/Disengage.o )
[38 of 51] Compiling Network.TLS.Record ( Network/TLS/Record.hs, .stack-work/dist/x86_64-linux/Cabal-1.24.0.0/build/Network/TLS/Record.o )
[39 of 51] Compiling Network.TLS.Sending ( Network/TLS/Sending.hs, .stack-work/dist/x86_64-linux/Cabal-1.24.0.0/build/Network/TLS/Sending.o )
[40 of 51] Compiling Network.TLS.Receiving ( Network/TLS/Receiving.hs, .stack-work/dist/x86_64-linux/Cabal-1.24.0.0/build/Network/TLS/Receiving.o )
[41 of 51] Compiling Network.TLS.IO   ( Network/TLS/IO.hs, .stack-work/dist/x86_64-linux/Cabal-1.24.0.0/build/Network/TLS/IO.o )
[42 of 51] Compiling Network.TLS.Handshake.Common ( Network/TLS/Handshake/Common.hs, .stack-work/dist/x86_64-linux/Cabal-1.24.0.0/build/Network/TLS/Handshake/Common.o )
[43 of 51] Compiling Network.TLS.Handshake.Client ( Network/TLS/Handshake/Client.hs, .stack-work/dist/x86_64-linux/Cabal-1.24.0.0/build/Network/TLS/Handshake/Client.o )
[44 of 51] Compiling Network.TLS.Handshake.Server ( Network/TLS/Handshake/Server.hs, .stack-work/dist/x86_64-linux/Cabal-1.24.0.0/build/Network/TLS/Handshake/Server.o )
[45 of 51] Compiling Network.TLS.Handshake ( Network/TLS/Handshake.hs, .stack-work/dist/x86_64-linux/Cabal-1.24.0.0/build/Network/TLS/Handshake.o )
[46 of 51] Compiling Network.TLS.Context ( Network/TLS/Context.hs, .stack-work/dist/x86_64-linux/Cabal-1.24.0.0/build/Network/TLS/Context.o )
[47 of 51] Compiling Network.TLS.Core ( Network/TLS/Core.hs, .stack-work/dist/x86_64-linux/Cabal-1.24.0.0/build/Network/TLS/Core.o )
[48 of 51] Compiling Network.TLS.Internal ( Network/TLS/Internal.hs, .stack-work/dist/x86_64-linux/Cabal-1.24.0.0/build/Network/TLS/Internal.o )
[49 of 51] Compiling Network.TLS      ( Network/TLS.hs, .stack-work/dist/x86_64-linux/Cabal-1.24.0.0/build/Network/TLS.o )
[50 of 51] Compiling Network.TLS.Extra.Cipher ( Network/TLS/Extra/Cipher.hs, .stack-work/dist/x86_64-linux/Cabal-1.24.0.0/build/Network/TLS/Extra/Cipher.o )
[51 of 51] Compiling Network.TLS.Extra ( Network/TLS/Extra.hs, .stack-work/dist/x86_64-linux/Cabal-1.24.0.0/build/Network/TLS/Extra.o )
Running Haddock for tls-1.3.9...
Preprocessing library tls-1.3.9...

Network/TLS/Backend.hs:75:44: warning: [-Wdeprecations]
    In the use of ‘sClose’ (imported from Network.Socket):
    Deprecated: "use 'close'"
Haddock coverage:
  81% ( 13 / 16) in 'Network.TLS.X509'
  Missing documentation for:
    isNullCertificateChain (Network/TLS/X509.hs:32)
    getCertificateChainLeaf (Network/TLS/X509.hs:35)
    wrapCertificateChecks (Network/TLS/X509.hs:53)
  89% (  8 /  9) in 'Network.TLS.Types'
  Missing documentation for:
    invertRole (Network/TLS/Types.hs:51)
  60% (  3 /  5) in 'Network.TLS.Util.Serialization'
  Missing documentation for:
    Module header
    lengthBytes (Network/TLS/Util/Serialization.hs:11)
 100% (  3 /  3) in 'Network.TLS.Util.ASN1'
  67% (  2 /  3) in 'Network.TLS.Session'
  Missing documentation for:
    noSessionManager (Network/TLS/Session.hs:25)
  40% (  4 / 10) in 'Network.TLS.RNG'
  Missing documentation for:
    Module header
    StateRNG (Network/TLS/RNG.hs:17)
    Seed
    withTLSRNG (Network/TLS/RNG.hs:23)
    newStateRNG (Network/TLS/RNG.hs:28)
    getRandomBytes
  29% (  2 /  7) in 'Network.TLS.Measurement'
  Missing documentation for:
    newMeasurement (Network/TLS/Measurement.hs:26)
    addBytesReceived (Network/TLS/Measurement.hs:33)
    addBytesSent (Network/TLS/Measurement.hs:37)
    resetBytesCounters (Network/TLS/Measurement.hs:41)
    incrementNbHandshakes (Network/TLS/Measurement.hs:44)
  67% (  4 /  6) in 'Network.TLS.Imports'
  Missing documentation for:
    Bytes (Network/TLS/Imports.hs:27)
    showBytesHex (Network/TLS/Imports.hs:29)
  27% (  3 / 11) in 'Network.TLS.Util'
  Missing documentation for:
    Module header
    sub (Network/TLS/Util.hs:22)
    takelast (Network/TLS/Util.hs:27)
    partition3 (Network/TLS/Util.hs:32)
    partition6 (Network/TLS/Util.hs:42)
    fromJust (Network/TLS/Util.hs:52)
    fmapEither (Network/TLS/Util.hs:75)
    catchException (Network/TLS/Util.hs:80)
  25% (  1 /  4) in 'Network.TLS.Extension.EC'
  Missing documentation for:
    Module header
    toCurveName (Network/TLS/Extension/EC.hs:10)
    fromCurveName (Network/TLS/Extension/EC.hs:41)
  60% (  3 /  5) in 'Network.TLS.ErrT'
  Missing documentation for:
    runErrT (Network/TLS/ErrT.hs:20)
    ErrT (Network/TLS/ErrT.hs:22)
  15% (  2 / 13) in 'Network.TLS.Crypto.ECDH'
  Missing documentation for:
    Module header
    ECDHParams (Network/TLS/Crypto/ECDH.hs:30)
    ECDHPublic (Network/TLS/Crypto/ECDH.hs:25)
    ECDHPrivate (Network/TLS/Crypto/ECDH.hs:28)
    ecdhPublic (Network/TLS/Crypto/ECDH.hs:34)
    ecdhPrivate (Network/TLS/Crypto/ECDH.hs:37)
    ecdhParams (Network/TLS/Crypto/ECDH.hs:40)
    ecdhGenerateKeyPair (Network/TLS/Crypto/ECDH.hs:46)
    ecdhGetShared (Network/TLS/Crypto/ECDH.hs:54)
    ecdhUnwrap (Network/TLS/Crypto/ECDH.hs:60)
    ecdhUnwrapPublic (Network/TLS/Crypto/ECDH.hs:69)
  13% (  2 / 15) in 'Network.TLS.Crypto.DH'
  Missing documentation for:
    Module header
    DHParams (Network/TLS/Crypto/DH.hs:26)
    DHPublic (Network/TLS/Crypto/DH.hs:24)
    DHPrivate (Network/TLS/Crypto/DH.hs:25)
    dhPublic (Network/TLS/Crypto/DH.hs:29)
    dhPrivate (Network/TLS/Crypto/DH.hs:32)
    dhParams (Network/TLS/Crypto/DH.hs:35)
    dhParamsGetP (Network/TLS/Crypto/DH.hs:50)
    dhParamsGetG (Network/TLS/Crypto/DH.hs:53)
    dhGenerateKeyPair (Network/TLS/Crypto/DH.hs:38)
    dhGetShared (Network/TLS/Crypto/DH.hs:44)
    dhUnwrap (Network/TLS/Crypto/DH.hs:47)
    dhUnwrapPublic (Network/TLS/Crypto/DH.hs:56)
  16% (  8 / 49) in 'Network.TLS.Crypto'
  Missing documentation for:
    Module header
    HashContext (Network/TLS/Crypto.hs:95)
    HashCtx (Network/TLS/Crypto.hs:104)
    hashInit (Network/TLS/Crypto.hs:66)
    hashUpdate (Network/TLS/Crypto.hs:75)
    hashUpdateSSL (Network/TLS/Crypto.hs:80)
    hashFinal (Network/TLS/Crypto.hs:87)
    DHParams (Network/TLS/Crypto/DH.hs:26)
    DHPublic (Network/TLS/Crypto/DH.hs:24)
    DHPrivate (Network/TLS/Crypto/DH.hs:25)
    dhPublic (Network/TLS/Crypto/DH.hs:29)
    dhPrivate (Network/TLS/Crypto/DH.hs:32)
    dhParams (Network/TLS/Crypto/DH.hs:35)
    dhParamsGetP (Network/TLS/Crypto/DH.hs:50)
    dhParamsGetG (Network/TLS/Crypto/DH.hs:53)
    dhGenerateKeyPair (Network/TLS/Crypto/DH.hs:38)
    dhGetShared (Network/TLS/Crypto/DH.hs:44)
    dhUnwrap (Network/TLS/Crypto/DH.hs:47)
    dhUnwrapPublic (Network/TLS/Crypto/DH.hs:56)
    ECDHParams (Network/TLS/Crypto/ECDH.hs:30)
    ECDHPublic (Network/TLS/Crypto/ECDH.hs:25)
    ECDHPrivate (Network/TLS/Crypto/ECDH.hs:28)
    ecdhPublic (Network/TLS/Crypto/ECDH.hs:34)
    ecdhPrivate (Network/TLS/Crypto/ECDH.hs:37)
    ecdhParams (Network/TLS/Crypto/ECDH.hs:40)
    ecdhGenerateKeyPair (Network/TLS/Crypto/ECDH.hs:46)
    ecdhGetShared (Network/TLS/Crypto/ECDH.hs:54)
    ecdhUnwrap (Network/TLS/Crypto/ECDH.hs:60)
    ecdhUnwrapPublic (Network/TLS/Crypto/ECDH.hs:69)
    hash (Network/TLS/Crypto.hs:106)
    Hash (Network/TLS/Crypto.hs:92)
    hashName (Network/TLS/Crypto.hs:121)
    hashDigestSize (Network/TLS/Crypto.hs:124)
    hashBlockSize (Network/TLS/Crypto.hs:133)
    PublicKey (Network/TLS/Crypto.hs:56)
    PrivateKey (Network/TLS/Crypto.hs:58)
    kxEncrypt (Network/TLS/Crypto.hs:148)
    kxDecrypt (Network/TLS/Crypto.hs:152)
    kxSign (Network/TLS/Crypto.hs:233)
    kxVerify (Network/TLS/Crypto.hs:159)
    KxError (Network/TLS/Crypto.hs:60)
  25% (  2 /  8) in 'Network.TLS.MAC'
  Missing documentation for:
    macSSL (Network/TLS/MAC.hs:26)
    hmac (Network/TLS/MAC.hs:40)
    prf_MD5 (Network/TLS/MAC.hs:64)
    prf_SHA1 (Network/TLS/MAC.hs:61)
    prf_SHA256 (Network/TLS/MAC.hs:74)
    prf_MD5SHA1 (Network/TLS/MAC.hs:67)
  67% (  2 /  3) in 'Network.TLS.Backend'
  Missing documentation for:
    HasBackend (Network/TLS/Backend.hs:47)
  14% (  7 / 51) in 'Network.TLS.Struct'
  Missing documentation for:
    Bytes (Network/TLS/Imports.hs:27)
    ConnectionEnd (Network/TLS/Struct.hs:80)
    CipherType (Network/TLS/Struct.hs:81)
    CipherData (Network/TLS/Struct.hs:83)
    ExtensionID (Network/TLS/Struct.hs:181)
    ExtensionRaw (Network/TLS/Struct.hs:183)
    CertificateType (Network/TLS/Struct.hs:89)
    HashAlgorithm (Network/TLS/Struct.hs:100)
    SignatureAlgorithm (Network/TLS/Struct.hs:111)
    HashAndSignatureAlgorithm (Network/TLS/Struct.hs:119)
    DigitallySigned (Network/TLS/Struct.hs:123)
    ProtocolType (Network/TLS/Struct.hs:126)
    BigNum (Network/TLS/Struct.hs:249)
    bigNumToInteger (Network/TLS/Struct.hs:252)
    bigNumFromInteger (Network/TLS/Struct.hs:255)
    ServerDHParams (Network/TLS/Struct.hs:258)
    serverDHParamsToParams (Network/TLS/Struct.hs:270)
    serverDHParamsToPublic (Network/TLS/Struct.hs:275)
    serverDHParamsFrom (Network/TLS/Struct.hs:264)
    ServerECDHParams (Network/TLS/Struct.hs:279)
    ServerRSAParams (Network/TLS/Struct.hs:282)
    ServerKeyXchgAlgorithmData (Network/TLS/Struct.hs:287)
    ClientKeyXchgAlgorithmData (Network/TLS/Struct.hs:300)
    Packet (Network/TLS/Struct.hs:167)
    Header (Network/TLS/Struct.hs:174)
    ServerRandom (Network/TLS/Struct.hs:176)
    ClientRandom (Network/TLS/Struct.hs:177)
    serverRandom (Network/TLS/Struct.hs:192)
    clientRandom (Network/TLS/Struct.hs:195)
    FinishedData (Network/TLS/Struct.hs:180)
    Session (Network/TLS/Struct.hs:178)
    AlertLevel (Network/TLS/Struct.hs:198)
    AlertDescription (Network/TLS/Struct.hs:203)
    HandshakeType (Network/TLS/Struct.hs:235)
    Handshake (Network/TLS/Struct.hs:308)
    numericalVer (Network/TLS/Struct.hs:341)
    verOfNum (Network/TLS/Struct.hs:348)
    TypeValuable (Network/TLS/Struct.hs:356)
    valOfType (Network/TLS/Struct.hs:357)
    valToType (Network/TLS/Struct.hs:358)
    EnumSafe8 (Network/TLS/Struct.hs:361)
    EnumSafe16 (Network/TLS/Struct.hs:365)
    packetType (Network/TLS/Struct.hs:322)
    typeOfHandshake (Network/TLS/Struct.hs:328)
  50% (  5 / 10) in 'Network.TLS.Credentials'
  Missing documentation for:
    Credential (Network/TLS/Credentials.hs:29)
    Credentials (Network/TLS/Credentials.hs:31)
    credentialsFindForSigning (Network/TLS/Credentials.hs:85)
    credentialsFindForDecrypting (Network/TLS/Credentials.hs:89)
    credentialsListSigningAlgorithms (Network/TLS/Credentials.hs:82)
  75% (  3 /  4) in 'Network.TLS.Hooks'
  Missing documentation for:
    defaultHooks (Network/TLS/Hooks.hs:50)
  23% (  9 / 39) in 'Network.TLS.Wire'
  Missing documentation for:
    GetResult (Network/TLS/Wire.hs:64)
    GetContinuation (Network/TLS/Wire.hs:63)
    runGet (Network/TLS/Wire.hs:70)
    runGetErr (Network/TLS/Wire.hs:78)
    runGetMaybe (Network/TLS/Wire.hs:85)
    tryGet (Network/TLS/Wire.hs:88)
    getWords8 (Network/TLS/Wire.hs:91)
    getWord16 (Network/TLS/Wire.hs:94)
    getWords16 (Network/TLS/Wire.hs:97)
    getWord24 (Network/TLS/Wire.hs:100)
    getOpaque8 (Network/TLS/Wire.hs:107)
    getOpaque16 (Network/TLS/Wire.hs:110)
    getOpaque24 (Network/TLS/Wire.hs:113)
    getInteger16 (Network/TLS/Wire.hs:116)
    getBigNum16 (Network/TLS/Wire.hs:119)
    getList (Network/TLS/Wire.hs:122)
    processBytes (Network/TLS/Wire.hs:129)
    putWords8 (Network/TLS/Wire.hs:132)
    putWord16 (Network/TLS/Wire.hs:137)
    putWords16 (Network/TLS/Wire.hs:143)
    putWord24 (Network/TLS/Wire.hs:148)
    putBytes (Network/TLS/Wire.hs:155)
    putOpaque8 (Network/TLS/Wire.hs:158)
    putOpaque16 (Network/TLS/Wire.hs:161)
    putOpaque24 (Network/TLS/Wire.hs:164)
    putInteger16 (Network/TLS/Wire.hs:167)
    putBigNum16 (Network/TLS/Wire.hs:170)
    encodeWord16 (Network/TLS/Wire.hs:173)
    encodeWord32 (Network/TLS/Wire.hs:176)
    encodeWord64 (Network/TLS/Wire.hs:179)
  33% (  1 /  3) in 'Network.TLS.Cap'
  Missing documentation for:
    hasHelloExtensions (Network/TLS/Cap.hs:16)
    hasExplicitBlockIV (Network/TLS/Cap.hs:16)
 100% ( 12 / 12) in 'Network.TLS.Compression'
  18% (  4 / 22) in 'Network.TLS.Cipher'
  Missing documentation for:
    CipherKeyExchangeType (Network/TLS/Cipher.hs:88)
    Bulk (Network/TLS/Cipher.hs:101)
    BulkFunctions (Network/TLS/Cipher.hs:75)
    BulkDirection (Network/TLS/Cipher.hs:65)
    BulkState (Network/TLS/Cipher.hs:47)
    BulkStream (Network/TLS/Cipher.hs:59)
    BulkBlock (Network/TLS/Cipher.hs:61)
    BulkAEAD (Network/TLS/Cipher.hs:63)
    bulkInit (Network/TLS/Cipher.hs:68)
    Hash (Network/TLS/Crypto.hs:92)
    cipherKeyBlockSize (Network/TLS/Cipher.hs:131)
    BulkKey (Network/TLS/Cipher.hs:42)
    BulkIV (Network/TLS/Cipher.hs:43)
    BulkNonce (Network/TLS/Cipher.hs:44)
    BulkAdditionalData (Network/TLS/Cipher.hs:45)
    cipherExchangeNeedMoreData (Network/TLS/Cipher.hs:149)
    hasMAC (Network/TLS/Cipher.hs:80)
    hasRecordIV (Network/TLS/Cipher.hs:80)
  24% (  9 / 38) in 'Network.TLS.Packet'
  Missing documentation for:
    CurrentParams (Network/TLS/Packet.hs:82)
    decodeHeader (Network/TLS/Packet.hs:121)
    decodeDeprecatedHeaderLength (Network/TLS/Packet.hs:124)
    decodeDeprecatedHeader (Network/TLS/Packet.hs:127)
    encodeHeader (Network/TLS/Packet.hs:134)
    encodeHeaderNoVer (Network/TLS/Packet.hs:138)
    decodeAlert (Network/TLS/Packet.hs:145)
    decodeAlerts (Network/TLS/Packet.hs:154)
    encodeAlerts (Network/TLS/Packet.hs:162)
    decodeHandshakeRecord (Network/TLS/Packet.hs:167)
    decodeHandshake (Network/TLS/Packet.hs:173)
    decodeDeprecatedHandshake (Network/TLS/Packet.hs:189)
    encodeHandshake (Network/TLS/Packet.hs:355)
    encodeHandshakes (Network/TLS/Packet.hs:364)
    encodeHandshakeHeader (Network/TLS/Packet.hs:367)
    encodeHandshakeContent (Network/TLS/Packet.hs:370)
    decodeChangeCipherSpec (Network/TLS/Packet.hs:551)
    encodeChangeCipherSpec (Network/TLS/Packet.hs:556)
    decodePreMasterSecret (Network/TLS/Packet.hs:560)
    encodePreMasterSecret (Network/TLS/Packet.hs:564)
    encodeSignedDHParams (Network/TLS/Packet.hs:672)
    encodeSignedECDHParams (Network/TLS/Packet.hs:679)
    generateMasterSecret (Network/TLS/Packet.hs:603)
    generateKeyBlock (Network/TLS/Packet.hs:625)
    generateClientFinished (Network/TLS/Packet.hs:651)
    generateServerFinished (Network/TLS/Packet.hs:660)
    generateCertificateVerify_SSL (Network/TLS/Packet.hs:669)
    getSignatureHashAlgorithm (Network/TLS/Packet.hs:486)
    putSignatureHashAlgorithm (Network/TLS/Packet.hs:492)
  30% (  9 / 30) in 'Network.TLS.Extension'
  Missing documentation for:
    definedExtensions (Network/TLS/Extension.hs:116)
    extensionID_ServerName (Network/TLS/Extension.hs:61)
    extensionID_MaxFragmentLength (Network/TLS/Extension.hs:61)
    extensionID_SecureRenegotiation (Network/TLS/Extension.hs:61)
    extensionID_NextProtocolNegotiation (Network/TLS/Extension.hs:61)
    extensionID_ApplicationLayerProtocolNegotiation (Network/TLS/Extension.hs:61)
    extensionID_EllipticCurves (Network/TLS/Extension.hs:61)
    extensionID_EcPointFormats (Network/TLS/Extension.hs:61)
    extensionID_Heartbeat (Network/TLS/Extension.hs:61)
    extensionID_SignatureAlgorithms (Network/TLS/Extension.hs:61)
    ServerNameType (Network/TLS/Extension.hs:171)
    MaxFragmentEnum (Network/TLS/Extension.hs:191)
    EllipticCurvesSupported (Network/TLS/Extension.hs:256)
    NamedCurve (Network/TLS/Extension.hs:259)
    EcPointFormatsSupported (Network/TLS/Extension.hs:295)
    EcPointFormat (Network/TLS/Extension.hs:298)
    SessionTicket (Network/TLS/Extension.hs:320)
    HeartBeat (Network/TLS/Extension.hs:328)
    HeartBeatMode (Network/TLS/Extension.hs:331)
    SignatureAlgorithms (Network/TLS/Extension.hs:352)
    availableEllipticCurves (Network/TLS/Extension.hs:272)
   5% (  2 / 43) in 'Network.TLS.State'
  Missing documentation for:
    TLSState (Network/TLS/State.hs:74)
    TLSSt (Network/TLS/State.hs:95)
    runTLSState (Network/TLS/State.hs:105)
    newTLSState (Network/TLS/State.hs:108)
    withTLSRNG (Network/TLS/RNG.hs:23)
    updateVerifiedData (Network/TLS/State.hs:130)
    finishHandshakeTypeMaterial (Network/TLS/State.hs:137)
    finishHandshakeMaterial (Network/TLS/State.hs:150)
    certVerifyHandshakeTypeMaterial (Network/TLS/State.hs:153)
    certVerifyHandshakeMaterial (Network/TLS/State.hs:166)
    setVersion (Network/TLS/State.hs:178)
    setVersionIfUnset (Network/TLS/State.hs:181)
    getVersion (Network/TLS/State.hs:187)
    getVersionWithDefault (Network/TLS/State.hs:190)
    setSecureRenegotiation (Network/TLS/State.hs:193)
    getSecureRenegotiation (Network/TLS/State.hs:196)
    setExtensionNPN (Network/TLS/State.hs:199)
    getExtensionNPN (Network/TLS/State.hs:202)
    setExtensionALPN (Network/TLS/State.hs:205)
    getExtensionALPN (Network/TLS/State.hs:208)
    setNegotiatedProtocol (Network/TLS/State.hs:211)
    getNegotiatedProtocol (Network/TLS/State.hs:214)
    setServerNextProtocolSuggest (Network/TLS/State.hs:217)
    getServerNextProtocolSuggest (Network/TLS/State.hs:220)
    setClientALPNSuggest (Network/TLS/State.hs:223)
    getClientALPNSuggest (Network/TLS/State.hs:226)
    setClientEllipticCurveSuggest (Network/TLS/State.hs:229)
    getClientEllipticCurveSuggest (Network/TLS/State.hs:232)
    setClientEcPointFormatSuggest (Network/TLS/State.hs:235)
    getClientEcPointFormatSuggest (Network/TLS/State.hs:238)
    getClientCertificateChain (Network/TLS/State.hs:244)
    setClientCertificateChain (Network/TLS/State.hs:241)
    setClientSNI (Network/TLS/State.hs:247)
    getClientSNI (Network/TLS/State.hs:250)
    getVerifiedData (Network/TLS/State.hs:253)
    setSession (Network/TLS/State.hs:169)
    getSession (Network/TLS/State.hs:172)
    isSessionResuming (Network/TLS/State.hs:175)
    isClientContext (Network/TLS/State.hs:256)
    genRandom (Network/TLS/State.hs:259)
    withRNG (Network/TLS/State.hs:263)
  60% (  9 / 15) in 'Network.TLS.Parameters'
  Missing documentation for:
    ClientParams (Network/TLS/Parameters.hs:72)
    ServerParams (Network/TLS/Parameters.hs:109)
    CommonParams (Network/TLS/Parameters.hs:47)
    Shared (Network/TLS/Parameters.hs:207)
    defaultParamsClient (Network/TLS/Parameters.hs:97)
    MaxFragmentEnum (Network/TLS/Extension.hs:191)
   7% (  1 / 15) in 'Network.TLS.Record.State'
  Missing documentation for:
    CryptState (Network/TLS/Record/State.hs:43)
    MacState (Network/TLS/Record/State.hs:49)
    RecordState (Network/TLS/Record/State.hs:53)
    newRecordState (Network/TLS/Record/State.hs:98)
    incrRecordState (Network/TLS/Record/State.hs:106)
    RecordM (Network/TLS/Record/State.hs:60)
    runRecordM (Network/TLS/Record/State.hs:60)
    getRecordVersion (Network/TLS/Record/State.hs:81)
    setRecordIV (Network/TLS/Record/State.hs:110)
    withCompression (Network/TLS/Record/State.hs:113)
    computeDigest (Network/TLS/Record/State.hs:120)
    makeDigest (Network/TLS/Record/State.hs:132)
    getBulk (Network/TLS/Record/State.hs:140)
    getMacSequence (Network/TLS/Record/State.hs:143)
  24% (  8 / 33) in 'Network.TLS.Handshake.State'
  Missing documentation for:
    HandshakeState (Network/TLS/Handshake/State.hs:64)
    ClientCertRequestData (Network/TLS/Handshake/State.hs:86)
    HandshakeM (Network/TLS/Handshake/State.hs:90)
    newEmptyHandshake (Network/TLS/Handshake/State.hs:101)
    runHandshake (Network/TLS/Handshake/State.hs:124)
    setPublicKey (Network/TLS/Handshake/State.hs:127)
    setPrivateKey (Network/TLS/Handshake/State.hs:131)
    getLocalPrivateKey (Network/TLS/Handshake/State.hs:138)
    getRemotePublicKey (Network/TLS/Handshake/State.hs:135)
    setServerDHParams (Network/TLS/Handshake/State.hs:141)
    setServerECDHParams (Network/TLS/Handshake/State.hs:144)
    setClientCertSent (Network/TLS/Handshake/State.hs:153)
    getClientCertSent (Network/TLS/Handshake/State.hs:156)
    setCertReqSent (Network/TLS/Handshake/State.hs:147)
    getCertReqSent (Network/TLS/Handshake/State.hs:150)
    setClientCertChain (Network/TLS/Handshake/State.hs:159)
    getClientCertChain (Network/TLS/Handshake/State.hs:162)
    setClientCertRequest (Network/TLS/Handshake/State.hs:165)
    getClientCertRequest (Network/TLS/Handshake/State.hs:168)
    addHandshakeMessage (Network/TLS/Handshake/State.hs:174)
    updateHandshakeDigest (Network/TLS/Handshake/State.hs:180)
    getHandshakeMessages (Network/TLS/Handshake/State.hs:177)
    getHandshakeDigest (Network/TLS/Handshake/State.hs:186)
    getPendingCipher (Network/TLS/Handshake/State.hs:171)
    setServerHelloParameters (Network/TLS/Handshake/State.hs:264)
  28% ( 12 / 43) in 'Network.TLS.Context.Internal'
  Missing documentation for:
    ClientParams (Network/TLS/Parameters.hs:72)
    ServerParams (Network/TLS/Parameters.hs:109)
    defaultParamsClient (Network/TLS/Parameters.hs:97)
    MaxFragmentEnum (Network/TLS/Extension.hs:191)
    ctxEOF (Network/TLS/Context/Internal.hs:150)
    ctxHasSSLv2ClientHello (Network/TLS/Context/Internal.hs:153)
    ctxDisableSSLv2ClientHello (Network/TLS/Context/Internal.hs:156)
    ctxEstablished (Network/TLS/Context/Internal.hs:162)
    withLog (Network/TLS/Context/Internal.hs:174)
    ctxWithHooks (Network/TLS/Context/Internal.hs:165)
    contextModifyHooks (Network/TLS/Context/Internal.hs:168)
    setEOF (Network/TLS/Context/Internal.hs:159)
    setEstablished (Network/TLS/Context/Internal.hs:171)
    contextFlush (Network/TLS/Context/Internal.hs:123)
    contextClose (Network/TLS/Context/Internal.hs:126)
    contextSend (Network/TLS/Context/Internal.hs:144)
    contextRecv (Network/TLS/Context/Internal.hs:147)
    updateMeasure (Network/TLS/Context/Internal.hs:115)
    withMeasure (Network/TLS/Context/Internal.hs:120)
    withReadLock (Network/TLS/Context/Internal.hs:224)
    withWriteLock (Network/TLS/Context/Internal.hs:227)
    withStateLock (Network/TLS/Context/Internal.hs:233)
    withRWLock (Network/TLS/Context/Internal.hs:230)
    throwCore (Network/TLS/Context/Internal.hs:177)
    usingState (Network/TLS/Context/Internal.hs:187)
    usingState_ (Network/TLS/Context/Internal.hs:193)
    runTxState (Network/TLS/Context/Internal.hs:205)
    runRxState (Network/TLS/Context/Internal.hs:213)
    usingHState (Network/TLS/Context/Internal.hs:196)
    getHState (Network/TLS/Context/Internal.hs:202)
    getStateRNG (Network/TLS/Context/Internal.hs:221)
  33% (  1 /  3) in 'Network.TLS.Handshake.Certificate'
  Missing documentation for:
    certificateRejected (Network/TLS/Handshake/Certificate.hs:20)
    rejectOnException (Network/TLS/Handshake/Certificate.hs:30)
  14% (  1 /  7) in 'Network.TLS.Handshake.Key'
  Missing documentation for:
    encryptRSA (Network/TLS/Handshake/Key.hs:31)
    signPrivate (Network/TLS/Handshake/Key.hs:40)
    decryptRSA (Network/TLS/Handshake/Key.hs:49)
    verifyPublic (Network/TLS/Handshake/Key.hs:57)
    generateDHE (Network/TLS/Handshake/Key.hs:62)
    generateECDHE (Network/TLS/Handshake/Key.hs:65)
  25% (  1 /  4) in 'Network.TLS.Handshake.Process'
  Missing documentation for:
    processHandshake (Network/TLS/Handshake/Process.hs:36)
    startHandshake (Network/TLS/Handshake/Process.hs:123)
    getHandshakeDigest (Network/TLS/Handshake/State.hs:186)
  14% (  1 /  7) in 'Network.TLS.Handshake.Signature'
  Missing documentation for:
    certificateVerifyCreate (Network/TLS/Handshake/Signature.hs:42)
    certificateVerifyCheck (Network/TLS/Handshake/Signature.hs:32)
    digitallySignDHParams (Network/TLS/Handshake/Signature.hs:152)
    digitallySignECDHParams (Network/TLS/Handshake/Signature.hs:160)
    digitallySignDHParamsVerify (Network/TLS/Handshake/Signature.hs:168)
    digitallySignECDHParamsVerify (Network/TLS/Handshake/Signature.hs:177)
  54% ( 13 / 24) in 'Network.TLS.Record.Types'
  Missing documentation for:
    Header (Network/TLS/Struct.hs:174)
    ProtocolType (Network/TLS/Struct.hs:126)
    packetType (Network/TLS/Struct.hs:322)
    Fragment (Network/TLS/Record/Types.hs:49)
    fragmentGetBytes (Network/TLS/Record/Types.hs:49)
    fragmentPlaintext (Network/TLS/Record/Types.hs:55)
    fragmentCiphertext (Network/TLS/Record/Types.hs:58)
    Plaintext (Network/TLS/Record/Types.hs:51)
    Compressed (Network/TLS/Record/Types.hs:52)
    Ciphertext (Network/TLS/Record/Types.hs:53)
    onRecordFragment (Network/TLS/Record/Types.hs:61)
  50% (  1 /  2) in 'Network.TLS.Record.Engage'
  Missing documentation for:
    engageRecord (Network/TLS/Record/Engage.hs:31)
  50% (  1 /  2) in 'Network.TLS.Record.Disengage'
  Missing documentation for:
    disengageRecord (Network/TLS/Record/Disengage.hs:35)
  35% (  8 / 23) in 'Network.TLS.Record'
  Missing documentation for:
    Fragment (Network/TLS/Record/Types.hs:49)
    fragmentGetBytes (Network/TLS/Record/Types.hs:49)
    fragmentPlaintext (Network/TLS/Record/Types.hs:55)
    fragmentCiphertext (Network/TLS/Record/Types.hs:58)
    Plaintext (Network/TLS/Record/Types.hs:51)
    Compressed (Network/TLS/Record/Types.hs:52)
    Ciphertext (Network/TLS/Record/Types.hs:53)
    engageRecord (Network/TLS/Record/Engage.hs:31)
    disengageRecord (Network/TLS/Record/Disengage.hs:35)
    RecordM (Network/TLS/Record/State.hs:60)
    runRecordM (Network/TLS/Record/State.hs:60)
    RecordState (Network/TLS/Record/State.hs:53)
    newRecordState (Network/TLS/Record/State.hs:98)
    getRecordVersion (Network/TLS/Record/State.hs:81)
    setRecordIV (Network/TLS/Record/State.hs:110)
 100% (  2 /  2) in 'Network.TLS.Sending'
  50% (  1 /  2) in 'Network.TLS.Receiving'
  Missing documentation for:
    processPacket (Network/TLS/Receiving.hs:31)
  75% (  3 /  4) in 'Network.TLS.IO'
  Missing documentation for:
    checkValid (Network/TLS/IO.hs:31)
  27% (  4 / 15) in 'Network.TLS.Handshake.Common'
  Missing documentation for:
    Module header
    handshakeFailed (Network/TLS/Handshake/Common.hs:40)
    errorToAlert (Network/TLS/Handshake/Common.hs:43)
    unexpected (Network/TLS/Handshake/Common.hs:47)
    newSession (Network/TLS/Handshake/Common.hs:50)
    sendChangeCipherAndFinish (Network/TLS/Handshake/Common.hs:79)
    recvChangeCipherAndFinish (Network/TLS/Handshake/Common.hs:91)
    RecvState (Network/TLS/Handshake/Common.hs:98)
    runRecvState (Network/TLS/Handshake/Common.hs:120)
    recvPacketHandshake (Network/TLS/Handshake/Common.hs:103)
    extensionLookup (Network/TLS/Handshake/Common.hs:138)
  33% (  1 /  3) in 'Network.TLS.Handshake.Client'
  Missing documentation for:
    handshakeClient (Network/TLS/Handshake/Client.hs:52)
    handshakeClientWith (Network/TLS/Handshake/Client.hs:46)
  67% (  2 /  3) in 'Network.TLS.Handshake.Server'
  Missing documentation for:
    handshakeServer (Network/TLS/Handshake/Server.hs:50)
  50% (  3 /  6) in 'Network.TLS.Handshake'
  Missing documentation for:
    handshakeClientWith (Network/TLS/Handshake/Client.hs:46)
    handshakeClient (Network/TLS/Handshake/Client.hs:52)
    handshakeServer (Network/TLS/Handshake/Server.hs:50)
  33% ( 15 / 46) in 'Network.TLS.Context'
  Missing documentation for:
    TLSParams (Network/TLS/Context.hs:92)
    ctxEOF (Network/TLS/Context/Internal.hs:150)
    ctxHasSSLv2ClientHello (Network/TLS/Context/Internal.hs:153)
    ctxDisableSSLv2ClientHello (Network/TLS/Context/Internal.hs:156)
    ctxEstablished (Network/TLS/Context/Internal.hs:162)
    withLog (Network/TLS/Context/Internal.hs:174)
    ctxWithHooks (Network/TLS/Context/Internal.hs:165)
    contextModifyHooks (Network/TLS/Context/Internal.hs:168)
    setEOF (Network/TLS/Context/Internal.hs:159)
    setEstablished (Network/TLS/Context/Internal.hs:171)
    contextFlush (Network/TLS/Context/Internal.hs:123)
    contextClose (Network/TLS/Context/Internal.hs:126)
    contextSend (Network/TLS/Context/Internal.hs:144)
    contextRecv (Network/TLS/Context/Internal.hs:147)
    updateMeasure (Network/TLS/Context/Internal.hs:115)
    withMeasure (Network/TLS/Context/Internal.hs:120)
    withReadLock (Network/TLS/Context/Internal.hs:224)
    withWriteLock (Network/TLS/Context/Internal.hs:227)
    withStateLock (Network/TLS/Context/Internal.hs:233)
    withRWLock (Network/TLS/Context/Internal.hs:230)
    contextHookSetHandshakeRecv (Network/TLS/Context.hs:227)
    contextHookSetCertificateRecv (Network/TLS/Context.hs:231)
    contextHookSetLogging (Network/TLS/Context.hs:235)
    throwCore (Network/TLS/Context/Internal.hs:177)
    usingState (Network/TLS/Context/Internal.hs:187)
    usingState_ (Network/TLS/Context/Internal.hs:193)
    runTxState (Network/TLS/Context/Internal.hs:205)
    runRxState (Network/TLS/Context/Internal.hs:213)
    usingHState (Network/TLS/Context/Internal.hs:196)
    getHState (Network/TLS/Context/Internal.hs:202)
    getStateRNG (Network/TLS/Context/Internal.hs:221)
 100% ( 15 / 15) in 'Network.TLS.Core'
  20% ( 26 /130) in 'Network.TLS.Internal'
  Missing documentation for:
    Bytes (Network/TLS/Imports.hs:27)
    ConnectionEnd (Network/TLS/Struct.hs:80)
    CipherType (Network/TLS/Struct.hs:81)
    CipherData (Network/TLS/Struct.hs:83)
    ExtensionID (Network/TLS/Struct.hs:181)
    ExtensionRaw (Network/TLS/Struct.hs:183)
    CertificateType (Network/TLS/Struct.hs:89)
    HashAlgorithm (Network/TLS/Struct.hs:100)
    SignatureAlgorithm (Network/TLS/Struct.hs:111)
    HashAndSignatureAlgorithm (Network/TLS/Struct.hs:119)
    DigitallySigned (Network/TLS/Struct.hs:123)
    ProtocolType (Network/TLS/Struct.hs:126)
    BigNum (Network/TLS/Struct.hs:249)
    bigNumToInteger (Network/TLS/Struct.hs:252)
    bigNumFromInteger (Network/TLS/Struct.hs:255)
    ServerDHParams (Network/TLS/Struct.hs:258)
    serverDHParamsToParams (Network/TLS/Struct.hs:270)
    serverDHParamsToPublic (Network/TLS/Struct.hs:275)
    serverDHParamsFrom (Network/TLS/Struct.hs:264)
    ServerECDHParams (Network/TLS/Struct.hs:279)
    ServerRSAParams (Network/TLS/Struct.hs:282)
    ServerKeyXchgAlgorithmData (Network/TLS/Struct.hs:287)
    ClientKeyXchgAlgorithmData (Network/TLS/Struct.hs:300)
    Packet (Network/TLS/Struct.hs:167)
    Header (Network/TLS/Struct.hs:174)
    ServerRandom (Network/TLS/Struct.hs:176)
    ClientRandom (Network/TLS/Struct.hs:177)
    serverRandom (Network/TLS/Struct.hs:192)
    clientRandom (Network/TLS/Struct.hs:195)
    FinishedData (Network/TLS/Struct.hs:180)
    Session (Network/TLS/Struct.hs:178)
    AlertLevel (Network/TLS/Struct.hs:198)
    AlertDescription (Network/TLS/Struct.hs:203)
    HandshakeType (Network/TLS/Struct.hs:235)
    Handshake (Network/TLS/Struct.hs:308)
    numericalVer (Network/TLS/Struct.hs:341)
    verOfNum (Network/TLS/Struct.hs:348)
    TypeValuable (Network/TLS/Struct.hs:356)
    valOfType (Network/TLS/Struct.hs:357)
    valToType (Network/TLS/Struct.hs:358)
    EnumSafe8 (Network/TLS/Struct.hs:361)
    EnumSafe16 (Network/TLS/Struct.hs:365)
    packetType (Network/TLS/Struct.hs:322)
    typeOfHandshake (Network/TLS/Struct.hs:328)
    CurrentParams (Network/TLS/Packet.hs:82)
    decodeHeader (Network/TLS/Packet.hs:121)
    decodeDeprecatedHeaderLength (Network/TLS/Packet.hs:124)
    decodeDeprecatedHeader (Network/TLS/Packet.hs:127)
    encodeHeader (Network/TLS/Packet.hs:134)
    encodeHeaderNoVer (Network/TLS/Packet.hs:138)
    decodeAlert (Network/TLS/Packet.hs:145)
    decodeAlerts (Network/TLS/Packet.hs:154)
    encodeAlerts (Network/TLS/Packet.hs:162)
    decodeHandshakeRecord (Network/TLS/Packet.hs:167)
    decodeHandshake (Network/TLS/Packet.hs:173)
    decodeDeprecatedHandshake (Network/TLS/Packet.hs:189)
    encodeHandshake (Network/TLS/Packet.hs:355)
    encodeHandshakes (Network/TLS/Packet.hs:364)
    encodeHandshakeHeader (Network/TLS/Packet.hs:367)
    encodeHandshakeContent (Network/TLS/Packet.hs:370)
    decodeChangeCipherSpec (Network/TLS/Packet.hs:551)
    encodeChangeCipherSpec (Network/TLS/Packet.hs:556)
    decodePreMasterSecret (Network/TLS/Packet.hs:560)
    encodePreMasterSecret (Network/TLS/Packet.hs:564)
    encodeSignedDHParams (Network/TLS/Packet.hs:672)
    encodeSignedECDHParams (Network/TLS/Packet.hs:679)
    generateMasterSecret (Network/TLS/Packet.hs:603)
    generateKeyBlock (Network/TLS/Packet.hs:625)
    generateClientFinished (Network/TLS/Packet.hs:651)
    generateServerFinished (Network/TLS/Packet.hs:660)
    generateCertificateVerify_SSL (Network/TLS/Packet.hs:669)
    getSignatureHashAlgorithm (Network/TLS/Packet.hs:486)
    putSignatureHashAlgorithm (Network/TLS/Packet.hs:492)
    processPacket (Network/TLS/Receiving.hs:31)
    GetResult (Network/TLS/Wire.hs:64)
    GetContinuation (Network/TLS/Wire.hs:63)
    runGet (Network/TLS/Wire.hs:70)
    runGetErr (Network/TLS/Wire.hs:78)
    runGetMaybe (Network/TLS/Wire.hs:85)
    tryGet (Network/TLS/Wire.hs:88)
    getWords8 (Network/TLS/Wire.hs:91)
    getWord16 (Network/TLS/Wire.hs:94)
    getWords16 (Network/TLS/Wire.hs:97)
    getWord24 (Network/TLS/Wire.hs:100)
    getOpaque8 (Network/TLS/Wire.hs:107)
    getOpaque16 (Network/TLS/Wire.hs:110)
    getOpaque24 (Network/TLS/Wire.hs:113)
    getInteger16 (Network/TLS/Wire.hs:116)
    getBigNum16 (Network/TLS/Wire.hs:119)
    getList (Network/TLS/Wire.hs:122)
    processBytes (Network/TLS/Wire.hs:129)
    putWords8 (Network/TLS/Wire.hs:132)
    putWord16 (Network/TLS/Wire.hs:137)
    putWords16 (Network/TLS/Wire.hs:143)
    putWord24 (Network/TLS/Wire.hs:148)
    putBytes (Network/TLS/Wire.hs:155)
    putOpaque8 (Network/TLS/Wire.hs:158)
    putOpaque16 (Network/TLS/Wire.hs:161)
    putOpaque24 (Network/TLS/Wire.hs:164)
    putInteger16 (Network/TLS/Wire.hs:167)
    putBigNum16 (Network/TLS/Wire.hs:170)
    encodeWord16 (Network/TLS/Wire.hs:173)
    encodeWord32 (Network/TLS/Wire.hs:176)
    encodeWord64 (Network/TLS/Wire.hs:179)
  60% ( 76 /126) in 'Network.TLS'
  Missing documentation for:
    ClientParams (Network/TLS/Parameters.hs:72)
    HostName
    Bytes (Network/TLS/Imports.hs:27)
    ServerParams (Network/TLS/Parameters.hs:109)
    DHParams (Network/TLS/Crypto/DH.hs:26)
    Shared (Network/TLS/Parameters.hs:207)
    Handshake (Network/TLS/Struct.hs:308)
    defaultParamsClient (Network/TLS/Parameters.hs:97)
    MaxFragmentEnum (Network/TLS/Extension.hs:191)
    HashAndSignatureAlgorithm (Network/TLS/Struct.hs:119)
    HashAlgorithm (Network/TLS/Struct.hs:100)
    SignatureAlgorithm (Network/TLS/Struct.hs:111)
    CertificateType (Network/TLS/Struct.hs:89)
    ProtocolType (Network/TLS/Struct.hs:126)
    Header (Network/TLS/Struct.hs:174)
    noSessionManager (Network/TLS/Session.hs:25)
    TLSParams (Network/TLS/Context.hs:92)
    HasBackend (Network/TLS/Backend.hs:47)
    contextFlush (Network/TLS/Context/Internal.hs:123)
    contextClose (Network/TLS/Context/Internal.hs:126)
    contextHookSetHandshakeRecv (Network/TLS/Context.hs:227)
    contextHookSetCertificateRecv (Network/TLS/Context.hs:231)
    contextHookSetLogging (Network/TLS/Context.hs:235)
    contextModifyHooks (Network/TLS/Context/Internal.hs:168)
    ClientRandom (Network/TLS/Struct.hs:177)
    ServerRandom (Network/TLS/Struct.hs:176)
    unClientRandom (Network/TLS/Struct.hs:177)
    unServerRandom (Network/TLS/Struct.hs:176)
    Credentials (Network/TLS/Credentials.hs:31)
    Credential (Network/TLS/Credentials.hs:29)
    CipherKeyExchangeType (Network/TLS/Cipher.hs:88)
    Bulk (Network/TLS/Cipher.hs:101)
    BulkFunctions (Network/TLS/Cipher.hs:75)
    BulkDirection (Network/TLS/Cipher.hs:65)
    BulkState (Network/TLS/Cipher.hs:47)
    BulkStream (Network/TLS/Cipher.hs:59)
    BulkBlock (Network/TLS/Cipher.hs:61)
    BulkAEAD (Network/TLS/Cipher.hs:63)
    bulkInit (Network/TLS/Cipher.hs:68)
    Hash (Network/TLS/Crypto.hs:92)
    cipherKeyBlockSize (Network/TLS/Cipher.hs:131)
    BulkKey (Network/TLS/Cipher.hs:42)
    BulkIV (Network/TLS/Cipher.hs:43)
    BulkNonce (Network/TLS/Cipher.hs:44)
    BulkAdditionalData (Network/TLS/Cipher.hs:45)
    cipherExchangeNeedMoreData (Network/TLS/Cipher.hs:149)
    hasMAC (Network/TLS/Cipher.hs:80)
    hasRecordIV (Network/TLS/Cipher.hs:80)
    KxError (Network/TLS/Crypto.hs:60)
    AlertDescription (Network/TLS/Struct.hs:203)
  58% ( 25 / 43) in 'Network.TLS.Extra.Cipher'
  Missing documentation for:
    ciphersuite_dhe_dss (Network/TLS/Extra/Cipher.hs:224)
    cipher_DHE_RSA_AES128_SHA256 (Network/TLS/Extra/Cipher.hs:473)
    cipher_DHE_RSA_AES256_SHA256 (Network/TLS/Extra/Cipher.hs:482)
    cipher_DHE_RSA_AES128GCM_SHA256 (Network/TLS/Extra/Cipher.hs:501)
    cipher_DHE_RSA_AES256GCM_SHA384 (Network/TLS/Extra/Cipher.hs:512)
    cipher_ECDHE_RSA_AES128GCM_SHA256 (Network/TLS/Extra/Cipher.hs:633)
    cipher_ECDHE_RSA_AES256GCM_SHA384 (Network/TLS/Extra/Cipher.hs:644)
    cipher_ECDHE_RSA_AES128CBC_SHA256 (Network/TLS/Extra/Cipher.hs:567)
    cipher_ECDHE_RSA_AES128CBC_SHA (Network/TLS/Extra/Cipher.hs:545)
    cipher_ECDHE_RSA_AES256CBC_SHA (Network/TLS/Extra/Cipher.hs:556)
    cipher_ECDHE_RSA_AES256CBC_SHA384 (Network/TLS/Extra/Cipher.hs:578)
    cipher_ECDHE_ECDSA_AES128CBC_SHA (Network/TLS/Extra/Cipher.hs:523)
    cipher_ECDHE_ECDSA_AES256CBC_SHA (Network/TLS/Extra/Cipher.hs:534)
    cipher_ECDHE_ECDSA_AES128CBC_SHA256 (Network/TLS/Extra/Cipher.hs:589)
    cipher_ECDHE_ECDSA_AES256CBC_SHA384 (Network/TLS/Extra/Cipher.hs:600)
    cipher_ECDHE_ECDSA_AES128GCM_SHA256 (Network/TLS/Extra/Cipher.hs:611)
    cipher_ECDHE_ECDSA_AES256GCM_SHA384 (Network/TLS/Extra/Cipher.hs:622)
    cipher_DHE_DSS_RC4_SHA1 (Network/TLS/Extra/Cipher.hs:466)
 100% (  2 /  2) in 'Network.TLS.Extra'
Warning: Network.TLS: could not find link destinations for:
    HostName getTLSCommonParams CommonParams getTLSRole Role getCiphers doHandshake doHandshakeWith HostName
Documentation created:
.stack-work/dist/x86_64-linux/Cabal-1.24.0.0/doc/html/tls/index.html,
.stack-work/dist/x86_64-linux/Cabal-1.24.0.0/doc/html/tls/tls.txt
Installing library in
/home/anand/.stack/snapshots/x86_64-linux/lts-7.19/8.0.1/lib/x86_64-linux-ghc-8.0.1/tls-1.3.9-AHQRAt2u5Ow5fuXm8gaFEJ
Registering tls-1.3.9...
